Log file open, 10/02/21 14:46:39
LogWindows: Failed to load 'aqProf.dll' (GetLastError=126)
LogWindows: File 'aqProf.dll' does not exist
LogWindows: Failed to load 'VtuneApi.dll' (GetLastError=126)
LogWindows: File 'VtuneApi.dll' does not exist
LogWindows: Failed to load 'VtuneApi32e.dll' (GetLastError=126)
LogWindows: File 'VtuneApi32e.dll' does not exist
LogConsoleResponse: Display: Failed to find resolution value strings in scalability ini. Falling back to default.
LogConsoleResponse: Display: Failed to find resolution value strings in scalability ini. Falling back to default.
LogInit: Display: Running engine for game: LD_49_ScrapYard
LogPlatformFile: Not using cached read wrapper
LogTaskGraph: Started task graph with 5 named threads and 47 total threads with 3 sets of task threads.
LogStats: Stats thread started at 0.199679
LogICUInternationalization: ICU TimeZone Detection - Raw Offset: +2:00, Platform Override: ''
LogInit: Display: Loading text-based GConfig....
LogPluginManager: Mounting plugin MeshPainting
LogPluginManager: Mounting plugin XGEController
LogPluginManager: Mounting plugin Paper2D
LogPluginManager: Mounting plugin AISupport
LogPluginManager: Mounting plugin EnvironmentQueryEditor
LogPluginManager: Mounting plugin LightPropagationVolume
LogPluginManager: Mounting plugin LiveLink
LogPluginManager: Mounting plugin GameplayCameras
LogPluginManager: Mounting plugin CameraShakePreviewer
LogPluginManager: Mounting plugin AnimationSharing
LogPluginManager: Mounting plugin CLionSourceCodeAccess
LogPluginManager: Mounting plugin CodeLiteSourceCodeAccess
LogPluginManager: Mounting plugin GitSourceControl
LogPluginManager: Mounting plugin KDevelopSourceCodeAccess
LogPluginManager: Mounting plugin PerforceSourceControl
LogPluginManager: Mounting plugin PixWinPlugin
LogPluginManager: Mounting plugin PlasticSourceControl
LogPluginManager: Mounting plugin PluginUtils
LogPluginManager: Mounting plugin TextureFormatOodle
LogPluginManager: Mounting plugin NullSourceCodeAccess
LogPluginManager: Mounting plugin RiderSourceCodeAccess
LogPluginManager: Mounting plugin UObjectPlugin
LogPluginManager: Mounting plugin PropertyAccessNode
LogPluginManager: Mounting plugin SubversionSourceControl
LogPluginManager: Mounting plugin AssetManagerEditor
LogPluginManager: Mounting plugin VisualStudioCodeSourceCodeAccess
LogPluginManager: Mounting plugin CryptoKeys
LogPluginManager: Mounting plugin VisualStudioSourceCodeAccess
LogPluginManager: Mounting plugin CurveEditorTools
LogPluginManager: Mounting plugin XCodeSourceCodeAccess
LogPluginManager: Mounting plugin OodleData
LogPluginManager: Mounting plugin FacialAnimation
LogPluginManager: Mounting plugin DataValidation
LogPluginManager: Mounting plugin GeometryMode
LogPluginManager: Mounting plugin GameplayTagsEditor
LogPluginManager: Mounting plugin OodleNetwork
LogPluginManager: Mounting plugin MaterialAnalyzer
LogPluginManager: Mounting plugin MacGraphicsSwitching
LogPluginManager: Mounting plugin PluginBrowser
LogPluginManager: Mounting plugin SpeedTreeImporter
LogPluginManager: Mounting plugin DatasmithContent
LogPluginManager: Mounting plugin MobileLauncherProfileWizard
LogPluginManager: Mounting plugin Niagara
LogPluginManager: Mounting plugin AlembicImporter
LogPluginManager: Mounting plugin VariantManagerContent
LogPluginManager: Mounting plugin AutomationUtils
LogPluginManager: Mounting plugin BackChannel
LogPluginManager: Mounting plugin ChaosCloth
LogPluginManager: Mounting plugin ChaosClothEditor
LogPluginManager: Mounting plugin ChaosEditor
LogPluginManager: Mounting plugin ChaosNiagara
LogPluginManager: Mounting plugin ChaosSolverPlugin
LogPluginManager: Mounting plugin CharacterAI
LogPluginManager: Mounting plugin EnhancedInput
LogPluginManager: Mounting plugin GeometryCache
LogPluginManager: Mounting plugin GeometryCollectionPlugin
LogPluginManager: Mounting plugin LuminPlatformFeatures
LogPluginManager: Mounting plugin GeometryProcessing
LogPluginManager: Mounting plugin MagicLeap
LogPluginManager: Mounting plugin OpenImageDenoise
LogPluginManager: Mounting plugin PlanarCut
LogPluginManager: Mounting plugin MotoSynth
LogPluginManager: Mounting plugin PlatformCrypto
LogPluginManager: Mounting plugin ProxyLODPlugin
LogPluginManager: Mounting plugin PythonScriptPlugin
LogPluginManager: Mounting plugin MagicLeapLightEstimation
LogPluginManager: Mounting plugin MagicLeapMedia
LogPluginManager: Mounting plugin MagicLeapPassableWorld
LogPluginManager: Mounting plugin AvfMedia
LogPluginManager: Mounting plugin MLSDK
LogPluginManager: Mounting plugin SkeletalReduction
LogPluginManager: Mounting plugin ImgMedia
LogPluginManager: Mounting plugin MediaCompositing
LogPluginManager: Mounting plugin MediaPlayerEditor
LogPluginManager: Mounting plugin AndroidMedia
LogPluginManager: Mounting plugin WmfMedia
LogPluginManager: Mounting plugin WebMMedia
LogPluginManager: Mounting plugin TcpMessaging
LogPluginManager: Mounting plugin ActorSequence
LogPluginManager: Mounting plugin UdpMessaging
LogPluginManager: Mounting plugin LevelSequenceEditor
LogPluginManager: Mounting plugin MatineeToLevelSequence
LogPluginManager: Mounting plugin TemplateSequence
LogPluginManager: Mounting plugin OnlineSubsystem
LogPluginManager: Mounting plugin OnlineSubsystemNull
LogPluginManager: Mounting plugin OnlineSubsystemUtils
LogPluginManager: Mounting plugin LauncherChunkInstaller
LogPluginManager: Mounting plugin ActorLayerUtilities
LogPluginManager: Mounting plugin AndroidDeviceProfileSelector
LogPluginManager: Mounting plugin AndroidMoviePlayer
LogPluginManager: Mounting plugin AndroidPermission
LogPluginManager: Mounting plugin AppleImageUtils
LogPluginManager: Mounting plugin AppleMoviePlayer
LogPluginManager: Mounting plugin AssetTags
LogPluginManager: Mounting plugin ArchVisCharacter
LogPluginManager: Mounting plugin AudioCapture
LogPluginManager: Mounting plugin AudioSynesthesia
LogPluginManager: Mounting plugin ChunkDownloader
LogPluginManager: Mounting plugin CableComponent
LogPluginManager: Mounting plugin EditableMesh
LogPluginManager: Mounting plugin CustomMeshComponent
LogPluginManager: Mounting plugin ExampleDeviceProfileSelector
LogPluginManager: Mounting plugin GoogleCloudMessaging
LogPluginManager: Mounting plugin GooglePAD
LogPluginManager: Mounting plugin IOSDeviceProfileSelector
LogPluginManager: Mounting plugin LinuxDeviceProfileSelector
LogPluginManager: Mounting plugin LocationServicesBPLibrary
LogPluginManager: Mounting plugin MobilePatchingUtils
LogPluginManager: Mounting plugin OpenXREyeTracker
LogPluginManager: Mounting plugin OpenXRHandTracking
LogPluginManager: Mounting plugin OpenXR
LogPluginManager: Mounting plugin PhysXVehicles
LogPluginManager: Mounting plugin PostSplashScreen
LogPluginManager: Mounting plugin ProceduralMeshComponent
LogPluginManager: Mounting plugin PropertyAccessEditor
LogPluginManager: Mounting plugin Takes
LogPluginManager: Mounting plugin SoundFields
LogPluginManager: Mounting plugin SignificanceManager
LogPluginManager: Mounting plugin Synthesis
LogPluginManager: Mounting plugin WebMMoviePlayer
LogPluginManager: Mounting plugin RuntimePhysXCooking
LogPluginManager: Mounting plugin WindowsMoviePlayer
LogPluginManager: Mounting plugin ScreenshotTools
LogPluginManager: Mounting plugin ContentBrowserAssetDataSource
LogPluginManager: Mounting plugin ContentBrowserClassDataSource
LogPluginManager: Mounting plugin ContentBrowserFileDataSource
LogPluginManager: Mounting plugin OnlineSubsystemIOS
LogPluginManager: Mounting plugin OnlineSubsystemGooglePlay
LogPluginManager: Mounting plugin OculusVR
LogPluginManager: Mounting plugin SteamVR
PixWinPlugin: PIX capture plugin failed to initialize! Check that the process is launched from PIX.
LogInit: Using libcurl 7.55.1-DEV
LogInit:  - built for x86_64-pc-win32
LogInit:  - supports SSL with OpenSSL/1.1.1
LogInit:  - supports HTTP deflate (compression) using libz 1.2.8
LogInit:  - other features:
LogInit:      CURL_VERSION_SSL
LogInit:      CURL_VERSION_LIBZ
LogInit:      CURL_VERSION_IPV6
LogInit:      CURL_VERSION_ASYNCHDNS
LogInit:      CURL_VERSION_LARGEFILE
LogInit:      CURL_VERSION_IDN
LogInit:  CurlRequestOptions (configurable via config and command line):
LogInit:  - bVerifyPeer = true  - Libcurl will verify peer certificate
LogInit:  - bUseHttpProxy = false  - Libcurl will NOT use HTTP proxy
LogInit:  - bDontReuseConnections = false  - Libcurl will reuse connections
LogInit:  - MaxHostConnections = 16  - Libcurl will limit the number of connections to a host
LogInit:  - LocalHostAddr = Default
LogInit:  - BufferSize = 65536
LogOnline: OSS: Creating online subsystem instance for: NULL
LogInit: WinSock: version 1.1 (2.2), MaxSocks=32767, MaxUdp=65467
LogOnline: OSS: TryLoadSubsystemAndSetDefault: Loaded subsystem for module [NULL]
LogOculusPluginWrapper: OculusPlugin initialized successfully
LogHMD: Failed initializing OVRPlugin 1.59.0
LogInit: Build: ++UE4+Release-4.27-CL-17155196
LogInit: Engine Version: 4.27.0-17155196+++UE4+Release-4.27
LogInit: Compatible Engine Version: 4.27.0-17155196+++UE4+Release-4.27
LogInit: Net CL: 17155196
LogInit: OS: Windows 10 (Release 2009) (), CPU: 11th Gen Intel(R) Core(TM) i9-11980HK @ 2.60GHz, GPU: Intel(R) UHD Graphics
LogInit: Compiled (64-bit): Aug 13 2021 06:13:13
LogInit: Compiled with Visual C++: 19.24.28315.00
LogInit: Build Configuration: Development
LogInit: Branch Name: ++UE4+Release-4.27
LogInit: Command Line:  -EpicPortal -epicusername=Dani_Kogan -epicuserid=652c700304644fe9ae254b98d5b01055 -epiclocale=en -epicsandboxid=ue
LogInit: Base Directory: D:/Epic Games/UE_4.27/Engine/Binaries/Win64/
LogInit: Allocator: TBB
LogInit: Installed Engine Build: 1
LogDevObjectVersion: Number of dev versions registered: 29
LogDevObjectVersion:   Dev-Blueprints (B0D832E4-1F89-4F0D-ACCF-7EB736FD4AA2): 10
LogDevObjectVersion:   Dev-Build (E1C64328-A22C-4D53-A36C-8E866417BD8C): 0
LogDevObjectVersion:   Dev-Core (375EC13C-06E4-48FB-B500-84F0262A717E): 4
LogDevObjectVersion:   Dev-Editor (E4B068ED-F494-42E9-A231-DA0B2E46BB41): 40
LogDevObjectVersion:   Dev-Framework (CFFC743F-43B0-4480-9391-14DF171D2073): 37
LogDevObjectVersion:   Dev-Mobile (B02B49B5-BB20-44E9-A304-32B752E40360): 3
LogDevObjectVersion:   Dev-Networking (A4E4105C-59A1-49B5-A7C5-40C4547EDFEE): 0
LogDevObjectVersion:   Dev-Online (39C831C9-5AE6-47DC-9A44-9C173E1C8E7C): 0
LogDevObjectVersion:   Dev-Physics (78F01B33-EBEA-4F98-B9B4-84EACCB95AA2): 14
LogDevObjectVersion:   Dev-Platform (6631380F-2D4D-43E0-8009-CF276956A95A): 0
LogDevObjectVersion:   Dev-Rendering (12F88B9F-8875-4AFC-A67C-D90C383ABD29): 45
LogDevObjectVersion:   Dev-Sequencer (7B5AE74C-D270-4C10-A958-57980B212A5A): 13
LogDevObjectVersion:   Dev-VR (D7296918-1DD6-4BDD-9DE2-64A83CC13884): 3
LogDevObjectVersion:   Dev-LoadTimes (C2A15278-BFE7-4AFE-6C17-90FF531DF755): 1
LogDevObjectVersion:   Private-Geometry (6EACA3D4-40EC-4CC1-B786-8BED09428FC5): 3
LogDevObjectVersion:   Dev-AnimPhys (29E575DD-E0A3-4627-9D10-D276232CDCEA): 17
LogDevObjectVersion:   Dev-Anim (AF43A65D-7FD3-4947-9873-3E8ED9C1BB05): 15
LogDevObjectVersion:   Dev-ReflectionCapture (6B266CEC-1EC7-4B8F-A30B-E4D90942FC07): 1
LogDevObjectVersion:   Dev-Automation (0DF73D61-A23F-47EA-B727-89E90C41499A): 1
LogDevObjectVersion:   FortniteMain (601D1886-AC64-4F84-AA16-D3DE0DEAC7D6): 47
LogDevObjectVersion:   FortniteRelease (E7086368-6B23-4C58-8439-1B7016265E91): 1
LogDevObjectVersion:   Dev-Enterprise (9DFFBCD6-494F-0158-E221-12823C92A888): 10
LogDevObjectVersion:   Dev-Niagara (F2AED0AC-9AFE-416F-8664-AA7FFA26D6FC): 1
LogDevObjectVersion:   Dev-Destruction (174F1F0B-B4C6-45A5-B13F-2EE8D0FB917D): 10
LogDevObjectVersion:   Dev-Physics-Ext (35F94A83-E258-406C-A318-09F59610247C): 41
LogDevObjectVersion:   Dev-PhysicsMaterial-Chaos (B68FC16E-8B1B-42E2-B453-215C058844FE): 1
LogDevObjectVersion:   Dev-CineCamera (B2E18506-4273-CFC2-A54E-F4BB758BBA07): 1
LogDevObjectVersion:   Dev-VirtualProduction (64F58936-FD1B-42BA-BA96-7289D5D0FA4E): 1
LogDevObjectVersion:   Dev-MediaFramework (6F0ED827-A609-4895-9C91-998D90180EA4): 2
LogInit: Presizing for max 25165824 objects, including 0 objects not considered by GC, pre-allocating 0 bytes for permanent pool.
LogConfig: Applying CVar settings from Section [/Script/Engine.StreamingSettings] File [D:/Projects/GamJams/2021LudumDare49/LudumDare49/LudumDare49_ScrapYard/LD_49_ScrapYard/Saved/Config/Windows/Engine.ini]
LogConfig: Setting CVar [[s.MinBulkDataSizeForAsyncLoading:131072]]
LogConfig: Setting CVar [[s.AsyncLoadingThreadEnabled:0]]
LogConfig: Setting CVar [[s.EventDrivenLoaderEnabled:1]]
LogConfig: Setting CVar [[s.WarnIfTimeLimitExceeded:0]]
LogConfig: Setting CVar [[s.TimeLimitExceededMultiplier:1.5]]
LogConfig: Setting CVar [[s.TimeLimitExceededMinTime:0.005]]
LogConfig: Setting CVar [[s.UseBackgroundLevelStreaming:1]]
LogConfig: Setting CVar [[s.PriorityAsyncLoadingExtraTime:15.0]]
LogConfig: Setting CVar [[s.LevelStreamingActorsUpdateTimeLimit:5.0]]
LogConfig: Setting CVar [[s.PriorityLevelStreamingActorsUpdateExtraTime:5.0]]
LogConfig: Setting CVar [[s.LevelStreamingComponentsRegistrationGranularity:10]]
LogConfig: Setting CVar [[s.UnregisterComponentsTimeLimit:1.0]]
LogConfig: Setting CVar [[s.LevelStreamingComponentsUnregistrationGranularity:5]]
LogConfig: Setting CVar [[s.FlushStreamingOnExit:1]]
LogInit: Object subsystem initialized
LogConfig: Setting CVar [[con.DebugEarlyDefault:1]]
LogConfig: Setting CVar [[r.setres:1280x720]]
[2021.10.02-11.46.40:328][  0]LogConfig: Setting CVar [[r.VSync:0]]
[2021.10.02-11.46.40:328][  0]LogConfig: Setting CVar [[r.RHICmdBypass:0]]
[2021.10.02-11.46.40:328][  0]LogConfig: Applying CVar settings from Section [/Script/Engine.RendererSettings] File [D:/Projects/GamJams/2021LudumDare49/LudumDare49/LudumDare49_ScrapYard/LD_49_ScrapYard/Saved/Config/Windows/Engine.ini]
[2021.10.02-11.46.40:328][  0]LogConfig: Setting CVar [[r.GPUCrashDebugging:0]]
[2021.10.02-11.46.40:329][  0]LogConfig: Applying CVar settings from Section [/Script/Engine.RendererOverrideSettings] File [D:/Projects/GamJams/2021LudumDare49/LudumDare49/LudumDare49_ScrapYard/LD_49_ScrapYard/Saved/Config/Windows/Engine.ini]
[2021.10.02-11.46.40:329][  0]LogConfig: Applying CVar settings from Section [/Script/Engine.StreamingSettings] File [D:/Projects/GamJams/2021LudumDare49/LudumDare49/LudumDare49_ScrapYard/LD_49_ScrapYard/Saved/Config/Windows/Engine.ini]
[2021.10.02-11.46.40:329][  0]LogConfig: Setting CVar [[s.MinBulkDataSizeForAsyncLoading:131072]]
[2021.10.02-11.46.40:329][  0]LogConfig: Setting CVar [[s.AsyncLoadingThreadEnabled:0]]
[2021.10.02-11.46.40:329][  0]LogConfig: Setting CVar [[s.EventDrivenLoaderEnabled:1]]
[2021.10.02-11.46.40:329][  0]LogConfig: Setting CVar [[s.WarnIfTimeLimitExceeded:0]]
[2021.10.02-11.46.40:329][  0]LogConfig: Setting CVar [[s.TimeLimitExceededMultiplier:1.5]]
[2021.10.02-11.46.40:329][  0]LogConfig: Setting CVar [[s.TimeLimitExceededMinTime:0.005]]
[2021.10.02-11.46.40:329][  0]LogConfig: Setting CVar [[s.UseBackgroundLevelStreaming:1]]
[2021.10.02-11.46.40:329][  0]LogConfig: Setting CVar [[s.PriorityAsyncLoadingExtraTime:15.0]]
[2021.10.02-11.46.40:329][  0]LogConfig: Setting CVar [[s.LevelStreamingActorsUpdateTimeLimit:5.0]]
[2021.10.02-11.46.40:329][  0]LogConfig: Setting CVar [[s.PriorityLevelStreamingActorsUpdateExtraTime:5.0]]
[2021.10.02-11.46.40:329][  0]LogConfig: Setting CVar [[s.LevelStreamingComponentsRegistrationGranularity:10]]
[2021.10.02-11.46.40:329][  0]LogConfig: Setting CVar [[s.UnregisterComponentsTimeLimit:1.0]]
[2021.10.02-11.46.40:329][  0]LogConfig: Setting CVar [[s.LevelStreamingComponentsUnregistrationGranularity:5]]
[2021.10.02-11.46.40:329][  0]LogConfig: Setting CVar [[s.FlushStreamingOnExit:1]]
[2021.10.02-11.46.40:329][  0]LogConfig: Applying CVar settings from Section [/Script/Engine.GarbageCollectionSettings] File [D:/Projects/GamJams/2021LudumDare49/LudumDare49/LudumDare49_ScrapYard/LD_49_ScrapYard/Saved/Config/Windows/Engine.ini]
[2021.10.02-11.46.40:329][  0]LogConfig: Setting CVar [[gc.MaxObjectsNotConsideredByGC:1]]
[2021.10.02-11.46.40:329][  0]LogConfig: Setting CVar [[gc.SizeOfPermanentObjectPool:0]]
[2021.10.02-11.46.40:329][  0]LogConfig: Setting CVar [[gc.FlushStreamingOnGC:0]]
[2021.10.02-11.46.40:329][  0]LogConfig: Setting CVar [[gc.NumRetriesBeforeForcingGC:10]]
[2021.10.02-11.46.40:329][  0]LogConfig: Setting CVar [[gc.AllowParallelGC:1]]
[2021.10.02-11.46.40:329][  0]LogConfig: Setting CVar [[gc.TimeBetweenPurgingPendingKillObjects:61.1]]
[2021.10.02-11.46.40:329][  0]LogConfig: Setting CVar [[gc.MaxObjectsInEditor:25165824]]
[2021.10.02-11.46.40:329][  0]LogConfig: Setting CVar [[gc.IncrementalBeginDestroyEnabled:1]]
[2021.10.02-11.46.40:329][  0]LogConfig: Setting CVar [[gc.CreateGCClusters:1]]
[2021.10.02-11.46.40:329][  0]LogConfig: Setting CVar [[gc.MinGCClusterSize:5]]
[2021.10.02-11.46.40:329][  0]LogConfig: Setting CVar [[gc.ActorClusteringEnabled:0]]
[2021.10.02-11.46.40:329][  0]LogConfig: Setting CVar [[gc.BlueprintClusteringEnabled:0]]
[2021.10.02-11.46.40:329][  0]LogConfig: Setting CVar [[gc.UseDisregardForGCOnDedicatedServers:0]]
[2021.10.02-11.46.40:329][  0]LogConfig: Setting CVar [[gc.MultithreadedDestructionEnabled:1]]
[2021.10.02-11.46.40:329][  0]LogConfig: Applying CVar settings from Section [/Script/Engine.NetworkSettings] File [D:/Projects/GamJams/2021LudumDare49/LudumDare49/LudumDare49_ScrapYard/LD_49_ScrapYard/Saved/Config/Windows/Engine.ini]
[2021.10.02-11.46.40:329][  0]LogConfig: Applying CVar settings from Section [/Script/UnrealEd.CookerSettings] File [D:/Projects/GamJams/2021LudumDare49/LudumDare49/LudumDare49_ScrapYard/LD_49_ScrapYard/Saved/Config/Windows/Engine.ini]
[2021.10.02-11.46.40:338][  0]LogConfig: Applying CVar settings from Section [ViewDistanceQuality@3] File [D:/Projects/GamJams/2021LudumDare49/LudumDare49/LudumDare49_ScrapYard/LD_49_ScrapYard/Saved/Config/Windows/Scalability.ini]
[2021.10.02-11.46.40:338][  0]LogConfig: Setting CVar [[r.SkeletalMeshLODBias:0]]
[2021.10.02-11.46.40:338][  0]LogConfig: Setting CVar [[r.ViewDistanceScale:1.0]]
[2021.10.02-11.46.40:338][  0]LogConfig: Applying CVar settings from Section [AntiAliasingQuality@3] File [D:/Projects/GamJams/2021LudumDare49/LudumDare49/LudumDare49_ScrapYard/LD_49_ScrapYard/Saved/Config/Windows/Scalability.ini]
[2021.10.02-11.46.40:338][  0]LogConfig: Setting CVar [[r.PostProcessAAQuality:4]]
[2021.10.02-11.46.40:338][  0]LogConfig: Applying CVar settings from Section [ShadowQuality@3] File [D:/Projects/GamJams/2021LudumDare49/LudumDare49/LudumDare49_ScrapYard/LD_49_ScrapYard/Saved/Config/Windows/Scalability.ini]
[2021.10.02-11.46.40:338][  0]LogConfig: Setting CVar [[r.LightFunctionQuality:1]]
[2021.10.02-11.46.40:338][  0]LogConfig: Setting CVar [[r.ShadowQuality:5]]
[2021.10.02-11.46.40:338][  0]LogConfig: Setting CVar [[r.Shadow.CSM.MaxCascades:10]]
[2021.10.02-11.46.40:338][  0]LogConfig: Setting CVar [[r.Shadow.MaxResolution:2048]]
[2021.10.02-11.46.40:338][  0]LogConfig: Setting CVar [[r.Shadow.MaxCSMResolution:2048]]
[2021.10.02-11.46.40:338][  0]LogConfig: Setting CVar [[r.Shadow.RadiusThreshold:0.01]]
[2021.10.02-11.46.40:338][  0]LogConfig: Setting CVar [[r.Shadow.DistanceScale:1.0]]
[2021.10.02-11.46.40:338][  0]LogConfig: Setting CVar [[r.Shadow.CSM.TransitionScale:1.0]]
[2021.10.02-11.46.40:338][  0]LogConfig: Setting CVar [[r.Shadow.PreShadowResolutionFactor:1.0]]
[2021.10.02-11.46.40:338][  0]LogConfig: Setting CVar [[r.DistanceFieldShadowing:1]]
[2021.10.02-11.46.40:338][  0]LogConfig: Setting CVar [[r.DistanceFieldAO:1]]
[2021.10.02-11.46.40:338][  0]LogConfig: Setting CVar [[r.AOQuality:2]]
[2021.10.02-11.46.40:338][  0]LogConfig: Setting CVar [[r.VolumetricFog:1]]
[2021.10.02-11.46.40:338][  0]LogConfig: Setting CVar [[r.VolumetricFog.GridPixelSize:8]]
[2021.10.02-11.46.40:338][  0]LogConfig: Setting CVar [[r.VolumetricFog.GridSizeZ:128]]
[2021.10.02-11.46.40:338][  0]LogConfig: Setting CVar [[r.VolumetricFog.HistoryMissSupersampleCount:4]]
[2021.10.02-11.46.40:338][  0]LogConfig: Setting CVar [[r.LightMaxDrawDistanceScale:1]]
[2021.10.02-11.46.40:338][  0]LogConfig: Setting CVar [[r.CapsuleShadows:1]]
[2021.10.02-11.46.40:338][  0]LogConfig: Applying CVar settings from Section [PostProcessQuality@3] File [D:/Projects/GamJams/2021LudumDare49/LudumDare49/LudumDare49_ScrapYard/LD_49_ScrapYard/Saved/Config/Windows/Scalability.ini]
[2021.10.02-11.46.40:338][  0]LogConfig: Setting CVar [[r.MotionBlurQuality:4]]
[2021.10.02-11.46.40:338][  0]LogConfig: Setting CVar [[r.AmbientOcclusionMipLevelFactor:0.4]]
[2021.10.02-11.46.40:338][  0]LogConfig: Setting CVar [[r.AmbientOcclusionMaxQuality:100]]
[2021.10.02-11.46.40:338][  0]LogConfig: Setting CVar [[r.AmbientOcclusionLevels:-1]]
[2021.10.02-11.46.40:338][  0]LogConfig: Setting CVar [[r.AmbientOcclusionRadiusScale:1.0]]
[2021.10.02-11.46.40:338][  0]LogConfig: Setting CVar [[r.DepthOfFieldQuality:2]]
[2021.10.02-11.46.40:338][  0]LogConfig: Setting CVar [[r.RenderTargetPoolMin:400]]
[2021.10.02-11.46.40:338][  0]LogConfig: Setting CVar [[r.LensFlareQuality:2]]
[2021.10.02-11.46.40:338][  0]LogConfig: Setting CVar [[r.SceneColorFringeQuality:1]]
[2021.10.02-11.46.40:338][  0]LogConfig: Setting CVar [[r.EyeAdaptationQuality:2]]
[2021.10.02-11.46.40:338][  0]LogConfig: Setting CVar [[r.BloomQuality:5]]
[2021.10.02-11.46.40:338][  0]LogConfig: Setting CVar [[r.FastBlurThreshold:100]]
[2021.10.02-11.46.40:338][  0]LogConfig: Setting CVar [[r.Upscale.Quality:3]]
[2021.10.02-11.46.40:338][  0]LogConfig: Setting CVar [[r.Tonemapper.GrainQuantization:1]]
[2021.10.02-11.46.40:338][  0]LogConfig: Setting CVar [[r.LightShaftQuality:1]]
[2021.10.02-11.46.40:339][  0]LogConfig: Setting CVar [[r.Filter.SizeScale:1]]
[2021.10.02-11.46.40:339][  0]LogConfig: Setting CVar [[r.Tonemapper.Quality:5]]
[2021.10.02-11.46.40:339][  0]LogConfig: Setting CVar [[r.DOF.Gather.AccumulatorQuality:1        ; higher gathering accumulator quality]]
[2021.10.02-11.46.40:339][  0]LogConfig: Setting CVar [[r.DOF.Gather.PostfilterMethod:1          ; Median3x3 postfilering method]]
[2021.10.02-11.46.40:339][  0]LogConfig: Setting CVar [[r.DOF.Gather.EnableBokehSettings:0       ; no bokeh simulation when gathering]]
[2021.10.02-11.46.40:339][  0]LogConfig: Setting CVar [[r.DOF.Gather.RingCount:4                 ; medium number of samples when gathering]]
[2021.10.02-11.46.40:339][  0]LogConfig: Setting CVar [[r.DOF.Scatter.ForegroundCompositing:1    ; additive foreground scattering]]
[2021.10.02-11.46.40:339][  0]LogConfig: Setting CVar [[r.DOF.Scatter.BackgroundCompositing:2    ; additive background scattering]]
[2021.10.02-11.46.40:339][  0]LogConfig: Setting CVar [[r.DOF.Scatter.EnableBokehSettings:1      ; bokeh simulation when scattering]]
[2021.10.02-11.46.40:339][  0]LogConfig: Setting CVar [[r.DOF.Scatter.MaxSpriteRatio:0.1         ; only a maximum of 10% of scattered bokeh]]
[2021.10.02-11.46.40:339][  0]LogConfig: Setting CVar [[r.DOF.Recombine.Quality:1                ; cheap slight out of focus]]
[2021.10.02-11.46.40:339][  0]LogConfig: Setting CVar [[r.DOF.Recombine.EnableBokehSettings:0    ; no bokeh simulation on slight out of focus]]
[2021.10.02-11.46.40:339][  0]LogConfig: Setting CVar [[r.DOF.TemporalAAQuality:1                ; more stable temporal accumulation]]
[2021.10.02-11.46.40:339][  0]LogConfig: Setting CVar [[r.DOF.Kernel.MaxForegroundRadius:0.025]]
[2021.10.02-11.46.40:339][  0]LogConfig: Setting CVar [[r.DOF.Kernel.MaxBackgroundRadius:0.025]]
[2021.10.02-11.46.40:339][  0]LogConfig: Applying CVar settings from Section [TextureQuality@3] File [D:/Projects/GamJams/2021LudumDare49/LudumDare49/LudumDare49_ScrapYard/LD_49_ScrapYard/Saved/Config/Windows/Scalability.ini]
[2021.10.02-11.46.40:339][  0]LogConfig: Setting CVar [[r.Streaming.MipBias:0]]
[2021.10.02-11.46.40:339][  0]LogConfig: Setting CVar [[r.Streaming.AmortizeCPUToGPUCopy:0]]
[2021.10.02-11.46.40:339][  0]LogConfig: Setting CVar [[r.Streaming.MaxNumTexturesToStreamPerFrame:0]]
[2021.10.02-11.46.40:339][  0]LogConfig: Setting CVar [[r.Streaming.Boost:1]]
[2021.10.02-11.46.40:339][  0]LogConfig: Setting CVar [[r.MaxAnisotropy:8]]
[2021.10.02-11.46.40:339][  0]LogConfig: Setting CVar [[r.VT.MaxAnisotropy:8]]
[2021.10.02-11.46.40:339][  0]LogConfig: Setting CVar [[r.Streaming.LimitPoolSizeToVRAM:0]]
[2021.10.02-11.46.40:339][  0]LogConfig: Setting CVar [[r.Streaming.PoolSize:1000]]
[2021.10.02-11.46.40:339][  0]LogConfig: Setting CVar [[r.Streaming.MaxEffectiveScreenSize:0]]
[2021.10.02-11.46.40:339][  0]LogConfig: Applying CVar settings from Section [EffectsQuality@3] File [D:/Projects/GamJams/2021LudumDare49/LudumDare49/LudumDare49_ScrapYard/LD_49_ScrapYard/Saved/Config/Windows/Scalability.ini]
[2021.10.02-11.46.40:339][  0]LogConfig: Setting CVar [[r.TranslucencyLightingVolumeDim:64]]
[2021.10.02-11.46.40:339][  0]LogConfig: Setting CVar [[r.RefractionQuality:2]]
[2021.10.02-11.46.40:339][  0]LogConfig: Setting CVar [[r.SSR.Quality:3]]
[2021.10.02-11.46.40:339][  0]LogConfig: Setting CVar [[r.SSR.HalfResSceneColor:0]]
[2021.10.02-11.46.40:339][  0]LogConfig: Setting CVar [[r.SceneColorFormat:4]]
[2021.10.02-11.46.40:339][  0]LogConfig: Setting CVar [[r.DetailMode:2]]
[2021.10.02-11.46.40:339][  0]LogConfig: Setting CVar [[r.TranslucencyVolumeBlur:1]]
[2021.10.02-11.46.40:339][  0]LogConfig: Setting CVar [[r.MaterialQualityLevel:1 ; High quality]]
[2021.10.02-11.46.40:339][  0]LogConfig: Setting CVar [[r.AnisotropicMaterials:1]]
[2021.10.02-11.46.40:339][  0]LogConfig: Setting CVar [[r.SSS.Scale:1]]
[2021.10.02-11.46.40:339][  0]LogConfig: Setting CVar [[r.SSS.SampleSet:2]]
[2021.10.02-11.46.40:339][  0]LogConfig: Setting CVar [[r.SSS.Quality:1]]
[2021.10.02-11.46.40:339][  0]LogConfig: Setting CVar [[r.SSS.HalfRes:0]]
[2021.10.02-11.46.40:339][  0]LogConfig: Setting CVar [[r.SSGI.Quality:3]]
[2021.10.02-11.46.40:339][  0]LogConfig: Setting CVar [[r.EmitterSpawnRateScale:1.0]]
[2021.10.02-11.46.40:339][  0]LogConfig: Setting CVar [[r.ParticleLightQuality:2]]
[2021.10.02-11.46.40:339][  0]LogConfig: Setting CVar [[r.SkyAtmosphere.AerialPerspectiveLUT.FastApplyOnOpaque:1 ; Always have FastSkyLUT 1 in this case to avoid wrong sky]]
[2021.10.02-11.46.40:339][  0]LogConfig: Setting CVar [[r.SkyAtmosphere.AerialPerspectiveLUT.SampleCountMaxPerSlice:4]]
[2021.10.02-11.46.40:339][  0]LogConfig: Setting CVar [[r.SkyAtmosphere.AerialPerspectiveLUT.DepthResolution:16.0]]
[2021.10.02-11.46.40:339][  0]LogConfig: Setting CVar [[r.SkyAtmosphere.FastSkyLUT:1]]
[2021.10.02-11.46.40:339][  0]LogConfig: Setting CVar [[r.SkyAtmosphere.FastSkyLUT.SampleCountMin:4.0]]
[2021.10.02-11.46.40:339][  0]LogConfig: Setting CVar [[r.SkyAtmosphere.FastSkyLUT.SampleCountMax:128.0]]
[2021.10.02-11.46.40:339][  0]LogConfig: Setting CVar [[r.SkyAtmosphere.SampleCountMin:4.0]]
[2021.10.02-11.46.40:339][  0]LogConfig: Setting CVar [[r.SkyAtmosphere.SampleCountMax:128.0]]
[2021.10.02-11.46.40:339][  0]LogConfig: Setting CVar [[r.SkyAtmosphere.TransmittanceLUT.UseSmallFormat:0]]
[2021.10.02-11.46.40:339][  0]LogConfig: Setting CVar [[r.SkyAtmosphere.TransmittanceLUT.SampleCount:10.0]]
[2021.10.02-11.46.40:339][  0]LogConfig: Setting CVar [[r.SkyAtmosphere.MultiScatteringLUT.SampleCount:15.0]]
[2021.10.02-11.46.40:339][  0]LogConfig: Setting CVar [[r.SkyLight.RealTimeReflectionCapture:1]]
[2021.10.02-11.46.40:339][  0]LogConfig: Applying CVar settings from Section [FoliageQuality@3] File [D:/Projects/GamJams/2021LudumDare49/LudumDare49/LudumDare49_ScrapYard/LD_49_ScrapYard/Saved/Config/Windows/Scalability.ini]
[2021.10.02-11.46.40:339][  0]LogConfig: Setting CVar [[foliage.DensityScale:1.0]]
[2021.10.02-11.46.40:339][  0]LogConfig: Setting CVar [[grass.DensityScale:1.0]]
[2021.10.02-11.46.40:339][  0]LogConfig: Applying CVar settings from Section [ShadingQuality@3] File [D:/Projects/GamJams/2021LudumDare49/LudumDare49/LudumDare49_ScrapYard/LD_49_ScrapYard/Saved/Config/Windows/Scalability.ini]
[2021.10.02-11.46.40:339][  0]LogConfig: Setting CVar [[r.HairStrands.SkyLighting.IntegrationType:2]]
[2021.10.02-11.46.40:339][  0]LogConfig: Setting CVar [[r.HairStrands.SkyAO.SampleCount:4]]
[2021.10.02-11.46.40:339][  0]LogConfig: Setting CVar [[r.HairStrands.Visibility.MSAA.SamplePerPixel:4]]
[2021.10.02-11.46.40:339][  0]LogInit: Selected Device Profile: [Windows]
[2021.10.02-11.46.40:339][  0]LogInit: Applying CVar settings loaded from the selected device profile: [Windows]
[2021.10.02-11.46.40:339][  0]LogHAL: Display: Platform has ~ 32 GB [34046787584 / 34359738368 / 32], which maps to Largest [LargestMinGB=32, LargerMinGB=12, DefaultMinGB=8, SmallerMinGB=6, SmallestMinGB=0)
[2021.10.02-11.46.40:339][  0]LogInit: Going up to parent DeviceProfile []
[2021.10.02-11.46.40:339][  0]LogConfig: Applying CVar settings from Section [ViewDistanceQuality@3] File [D:/Projects/GamJams/2021LudumDare49/LudumDare49/LudumDare49_ScrapYard/LD_49_ScrapYard/Saved/Config/Windows/Scalability.ini]
[2021.10.02-11.46.40:339][  0]LogConfig: Setting CVar [[r.SkeletalMeshLODBias:0]]
[2021.10.02-11.46.40:339][  0]LogConfig: Setting CVar [[r.ViewDistanceScale:1.0]]
[2021.10.02-11.46.40:339][  0]LogConfig: Applying CVar settings from Section [AntiAliasingQuality@3] File [D:/Projects/GamJams/2021LudumDare49/LudumDare49/LudumDare49_ScrapYard/LD_49_ScrapYard/Saved/Config/Windows/Scalability.ini]
[2021.10.02-11.46.40:339][  0]LogConfig: Setting CVar [[r.PostProcessAAQuality:4]]
[2021.10.02-11.46.40:339][  0]LogConfig: Applying CVar settings from Section [ShadowQuality@3] File [D:/Projects/GamJams/2021LudumDare49/LudumDare49/LudumDare49_ScrapYard/LD_49_ScrapYard/Saved/Config/Windows/Scalability.ini]
[2021.10.02-11.46.40:339][  0]LogConfig: Setting CVar [[r.LightFunctionQuality:1]]
[2021.10.02-11.46.40:339][  0]LogConfig: Setting CVar [[r.ShadowQuality:5]]
[2021.10.02-11.46.40:339][  0]LogConfig: Setting CVar [[r.Shadow.CSM.MaxCascades:10]]
[2021.10.02-11.46.40:339][  0]LogConfig: Setting CVar [[r.Shadow.MaxResolution:2048]]
[2021.10.02-11.46.40:339][  0]LogConfig: Setting CVar [[r.Shadow.MaxCSMResolution:2048]]
[2021.10.02-11.46.40:339][  0]LogConfig: Setting CVar [[r.Shadow.RadiusThreshold:0.01]]
[2021.10.02-11.46.40:339][  0]LogConfig: Setting CVar [[r.Shadow.DistanceScale:1.0]]
[2021.10.02-11.46.40:339][  0]LogConfig: Setting CVar [[r.Shadow.CSM.TransitionScale:1.0]]
[2021.10.02-11.46.40:339][  0]LogConfig: Setting CVar [[r.Shadow.PreShadowResolutionFactor:1.0]]
[2021.10.02-11.46.40:339][  0]LogConfig: Setting CVar [[r.DistanceFieldShadowing:1]]
[2021.10.02-11.46.40:339][  0]LogConfig: Setting CVar [[r.DistanceFieldAO:1]]
[2021.10.02-11.46.40:339][  0]LogConfig: Setting CVar [[r.AOQuality:2]]
[2021.10.02-11.46.40:339][  0]LogConfig: Setting CVar [[r.VolumetricFog:1]]
[2021.10.02-11.46.40:339][  0]LogConfig: Setting CVar [[r.VolumetricFog.GridPixelSize:8]]
[2021.10.02-11.46.40:339][  0]LogConfig: Setting CVar [[r.VolumetricFog.GridSizeZ:128]]
[2021.10.02-11.46.40:339][  0]LogConfig: Setting CVar [[r.VolumetricFog.HistoryMissSupersampleCount:4]]
[2021.10.02-11.46.40:339][  0]LogConfig: Setting CVar [[r.LightMaxDrawDistanceScale:1]]
[2021.10.02-11.46.40:339][  0]LogConfig: Setting CVar [[r.CapsuleShadows:1]]
[2021.10.02-11.46.40:339][  0]LogConfig: Applying CVar settings from Section [PostProcessQuality@3] File [D:/Projects/GamJams/2021LudumDare49/LudumDare49/LudumDare49_ScrapYard/LD_49_ScrapYard/Saved/Config/Windows/Scalability.ini]
[2021.10.02-11.46.40:339][  0]LogConfig: Setting CVar [[r.MotionBlurQuality:4]]
[2021.10.02-11.46.40:339][  0]LogConfig: Setting CVar [[r.AmbientOcclusionMipLevelFactor:0.4]]
[2021.10.02-11.46.40:339][  0]LogConfig: Setting CVar [[r.AmbientOcclusionMaxQuality:100]]
[2021.10.02-11.46.40:339][  0]LogConfig: Setting CVar [[r.AmbientOcclusionLevels:-1]]
[2021.10.02-11.46.40:339][  0]LogConfig: Setting CVar [[r.AmbientOcclusionRadiusScale:1.0]]
[2021.10.02-11.46.40:339][  0]LogConfig: Setting CVar [[r.DepthOfFieldQuality:2]]
[2021.10.02-11.46.40:339][  0]LogConfig: Setting CVar [[r.RenderTargetPoolMin:400]]
[2021.10.02-11.46.40:339][  0]LogConfig: Setting CVar [[r.LensFlareQuality:2]]
[2021.10.02-11.46.40:339][  0]LogConfig: Setting CVar [[r.SceneColorFringeQuality:1]]
[2021.10.02-11.46.40:339][  0]LogConfig: Setting CVar [[r.EyeAdaptationQuality:2]]
[2021.10.02-11.46.40:339][  0]LogConfig: Setting CVar [[r.BloomQuality:5]]
[2021.10.02-11.46.40:339][  0]LogConfig: Setting CVar [[r.FastBlurThreshold:100]]
[2021.10.02-11.46.40:339][  0]LogConfig: Setting CVar [[r.Upscale.Quality:3]]
[2021.10.02-11.46.40:339][  0]LogConfig: Setting CVar [[r.Tonemapper.GrainQuantization:1]]
[2021.10.02-11.46.40:339][  0]LogConfig: Setting CVar [[r.LightShaftQuality:1]]
[2021.10.02-11.46.40:340][  0]LogConfig: Setting CVar [[r.Filter.SizeScale:1]]
[2021.10.02-11.46.40:340][  0]LogConfig: Setting CVar [[r.Tonemapper.Quality:5]]
[2021.10.02-11.46.40:340][  0]LogConfig: Setting CVar [[r.DOF.Gather.AccumulatorQuality:1        ; higher gathering accumulator quality]]
[2021.10.02-11.46.40:340][  0]LogConfig: Setting CVar [[r.DOF.Gather.PostfilterMethod:1          ; Median3x3 postfilering method]]
[2021.10.02-11.46.40:340][  0]LogConfig: Setting CVar [[r.DOF.Gather.EnableBokehSettings:0       ; no bokeh simulation when gathering]]
[2021.10.02-11.46.40:340][  0]LogConfig: Setting CVar [[r.DOF.Gather.RingCount:4                 ; medium number of samples when gathering]]
[2021.10.02-11.46.40:340][  0]LogConfig: Setting CVar [[r.DOF.Scatter.ForegroundCompositing:1    ; additive foreground scattering]]
[2021.10.02-11.46.40:340][  0]LogConfig: Setting CVar [[r.DOF.Scatter.BackgroundCompositing:2    ; additive background scattering]]
[2021.10.02-11.46.40:340][  0]LogConfig: Setting CVar [[r.DOF.Scatter.EnableBokehSettings:1      ; bokeh simulation when scattering]]
[2021.10.02-11.46.40:340][  0]LogConfig: Setting CVar [[r.DOF.Scatter.MaxSpriteRatio:0.1         ; only a maximum of 10% of scattered bokeh]]
[2021.10.02-11.46.40:340][  0]LogConfig: Setting CVar [[r.DOF.Recombine.Quality:1                ; cheap slight out of focus]]
[2021.10.02-11.46.40:340][  0]LogConfig: Setting CVar [[r.DOF.Recombine.EnableBokehSettings:0    ; no bokeh simulation on slight out of focus]]
[2021.10.02-11.46.40:340][  0]LogConfig: Setting CVar [[r.DOF.TemporalAAQuality:1                ; more stable temporal accumulation]]
[2021.10.02-11.46.40:340][  0]LogConfig: Setting CVar [[r.DOF.Kernel.MaxForegroundRadius:0.025]]
[2021.10.02-11.46.40:340][  0]LogConfig: Setting CVar [[r.DOF.Kernel.MaxBackgroundRadius:0.025]]
[2021.10.02-11.46.40:340][  0]LogConfig: Applying CVar settings from Section [TextureQuality@3] File [D:/Projects/GamJams/2021LudumDare49/LudumDare49/LudumDare49_ScrapYard/LD_49_ScrapYard/Saved/Config/Windows/Scalability.ini]
[2021.10.02-11.46.40:340][  0]LogConfig: Setting CVar [[r.Streaming.MipBias:0]]
[2021.10.02-11.46.40:340][  0]LogConfig: Setting CVar [[r.Streaming.AmortizeCPUToGPUCopy:0]]
[2021.10.02-11.46.40:340][  0]LogConfig: Setting CVar [[r.Streaming.MaxNumTexturesToStreamPerFrame:0]]
[2021.10.02-11.46.40:340][  0]LogConfig: Setting CVar [[r.Streaming.Boost:1]]
[2021.10.02-11.46.40:340][  0]LogConfig: Setting CVar [[r.MaxAnisotropy:8]]
[2021.10.02-11.46.40:340][  0]LogConfig: Setting CVar [[r.VT.MaxAnisotropy:8]]
[2021.10.02-11.46.40:340][  0]LogConfig: Setting CVar [[r.Streaming.LimitPoolSizeToVRAM:0]]
[2021.10.02-11.46.40:340][  0]LogConfig: Setting CVar [[r.Streaming.PoolSize:1000]]
[2021.10.02-11.46.40:340][  0]LogConfig: Setting CVar [[r.Streaming.MaxEffectiveScreenSize:0]]
[2021.10.02-11.46.40:340][  0]LogConfig: Applying CVar settings from Section [EffectsQuality@3] File [D:/Projects/GamJams/2021LudumDare49/LudumDare49/LudumDare49_ScrapYard/LD_49_ScrapYard/Saved/Config/Windows/Scalability.ini]
[2021.10.02-11.46.40:340][  0]LogConfig: Setting CVar [[r.TranslucencyLightingVolumeDim:64]]
[2021.10.02-11.46.40:340][  0]LogConfig: Setting CVar [[r.RefractionQuality:2]]
[2021.10.02-11.46.40:340][  0]LogConfig: Setting CVar [[r.SSR.Quality:3]]
[2021.10.02-11.46.40:340][  0]LogConfig: Setting CVar [[r.SSR.HalfResSceneColor:0]]
[2021.10.02-11.46.40:340][  0]LogConfig: Setting CVar [[r.SceneColorFormat:4]]
[2021.10.02-11.46.40:340][  0]LogConfig: Setting CVar [[r.DetailMode:2]]
[2021.10.02-11.46.40:340][  0]LogConfig: Setting CVar [[r.TranslucencyVolumeBlur:1]]
[2021.10.02-11.46.40:340][  0]LogConfig: Setting CVar [[r.MaterialQualityLevel:1 ; High quality]]
[2021.10.02-11.46.40:340][  0]LogConfig: Setting CVar [[r.AnisotropicMaterials:1]]
[2021.10.02-11.46.40:340][  0]LogConfig: Setting CVar [[r.SSS.Scale:1]]
[2021.10.02-11.46.40:340][  0]LogConfig: Setting CVar [[r.SSS.SampleSet:2]]
[2021.10.02-11.46.40:340][  0]LogConfig: Setting CVar [[r.SSS.Quality:1]]
[2021.10.02-11.46.40:340][  0]LogConfig: Setting CVar [[r.SSS.HalfRes:0]]
[2021.10.02-11.46.40:340][  0]LogConfig: Setting CVar [[r.SSGI.Quality:3]]
[2021.10.02-11.46.40:340][  0]LogConfig: Setting CVar [[r.EmitterSpawnRateScale:1.0]]
[2021.10.02-11.46.40:340][  0]LogConfig: Setting CVar [[r.ParticleLightQuality:2]]
[2021.10.02-11.46.40:340][  0]LogConfig: Setting CVar [[r.SkyAtmosphere.AerialPerspectiveLUT.FastApplyOnOpaque:1 ; Always have FastSkyLUT 1 in this case to avoid wrong sky]]
[2021.10.02-11.46.40:340][  0]LogConfig: Setting CVar [[r.SkyAtmosphere.AerialPerspectiveLUT.SampleCountMaxPerSlice:4]]
[2021.10.02-11.46.40:340][  0]LogConfig: Setting CVar [[r.SkyAtmosphere.AerialPerspectiveLUT.DepthResolution:16.0]]
[2021.10.02-11.46.40:340][  0]LogConfig: Setting CVar [[r.SkyAtmosphere.FastSkyLUT:1]]
[2021.10.02-11.46.40:340][  0]LogConfig: Setting CVar [[r.SkyAtmosphere.FastSkyLUT.SampleCountMin:4.0]]
[2021.10.02-11.46.40:340][  0]LogConfig: Setting CVar [[r.SkyAtmosphere.FastSkyLUT.SampleCountMax:128.0]]
[2021.10.02-11.46.40:340][  0]LogConfig: Setting CVar [[r.SkyAtmosphere.SampleCountMin:4.0]]
[2021.10.02-11.46.40:340][  0]LogConfig: Setting CVar [[r.SkyAtmosphere.SampleCountMax:128.0]]
[2021.10.02-11.46.40:340][  0]LogConfig: Setting CVar [[r.SkyAtmosphere.TransmittanceLUT.UseSmallFormat:0]]
[2021.10.02-11.46.40:340][  0]LogConfig: Setting CVar [[r.SkyAtmosphere.TransmittanceLUT.SampleCount:10.0]]
[2021.10.02-11.46.40:340][  0]LogConfig: Setting CVar [[r.SkyAtmosphere.MultiScatteringLUT.SampleCount:15.0]]
[2021.10.02-11.46.40:340][  0]LogConfig: Setting CVar [[r.SkyLight.RealTimeReflectionCapture:1]]
[2021.10.02-11.46.40:340][  0]LogConfig: Applying CVar settings from Section [FoliageQuality@3] File [D:/Projects/GamJams/2021LudumDare49/LudumDare49/LudumDare49_ScrapYard/LD_49_ScrapYard/Saved/Config/Windows/Scalability.ini]
[2021.10.02-11.46.40:340][  0]LogConfig: Setting CVar [[foliage.DensityScale:1.0]]
[2021.10.02-11.46.40:340][  0]LogConfig: Setting CVar [[grass.DensityScale:1.0]]
[2021.10.02-11.46.40:340][  0]LogConfig: Applying CVar settings from Section [ShadingQuality@3] File [D:/Projects/GamJams/2021LudumDare49/LudumDare49/LudumDare49_ScrapYard/LD_49_ScrapYard/Saved/Config/Windows/Scalability.ini]
[2021.10.02-11.46.40:340][  0]LogConfig: Setting CVar [[r.HairStrands.SkyLighting.IntegrationType:2]]
[2021.10.02-11.46.40:340][  0]LogConfig: Setting CVar [[r.HairStrands.SkyAO.SampleCount:4]]
[2021.10.02-11.46.40:340][  0]LogConfig: Setting CVar [[r.HairStrands.Visibility.MSAA.SamplePerPixel:4]]
[2021.10.02-11.46.40:340][  0]LogConfig: Applying CVar settings from Section [Startup] File [../../../Engine/Config/ConsoleVariables.ini]
[2021.10.02-11.46.40:340][  0]LogConfig: Setting CVar [[net.UseAdaptiveNetUpdateFrequency:0]]
[2021.10.02-11.46.40:340][  0]LogConfig: Setting CVar [[p.chaos.AllowCreatePhysxBodies:1]]
[2021.10.02-11.46.40:340][  0]LogConfig: Setting CVar [[fx.SkipVectorVMBackendOptimizations:1]]
[2021.10.02-11.46.40:340][  0]LogConfig: Applying CVar settings from Section [ConsoleVariables] File [D:/Projects/GamJams/2021LudumDare49/LudumDare49/LudumDare49_ScrapYard/LD_49_ScrapYard/Saved/Config/Windows/Engine.ini]
[2021.10.02-11.46.40:340][  0]LogConfig: Applying CVar settings from Section [ConsoleVariables] File [D:/Projects/GamJams/2021LudumDare49/LudumDare49/LudumDare49_ScrapYard/LD_49_ScrapYard/Saved/Config/Windows/Editor.ini]
[2021.10.02-11.46.40:340][  0]LogInit: Computer: RAIDEN
[2021.10.02-11.46.40:340][  0]LogInit: User: DarKeN
[2021.10.02-11.46.40:340][  0]LogInit: CPU Page size=4096, Cores=8
[2021.10.02-11.46.40:340][  0]LogInit: High frequency timer resolution =10.000000 MHz
[2021.10.02-11.46.40:340][  0]LogMemory: Memory total: Physical=31.7GB (32GB approx)
[2021.10.02-11.46.40:340][  0]LogMemory: Platform Memory Stats for Windows
[2021.10.02-11.46.40:340][  0]LogMemory: Process Physical Memory: 154.56 MB used, 154.57 MB peak
[2021.10.02-11.46.40:340][  0]LogMemory: Process Virtual Memory: 132.74 MB used, 132.74 MB peak
[2021.10.02-11.46.40:340][  0]LogMemory: Physical Memory: 17904.68 MB used,  14564.87 MB free, 32469.55 MB total
[2021.10.02-11.46.40:340][  0]LogMemory: Virtual Memory: 134201320.00 MB used,  16411.73 MB free, 134217728.00 MB total
[2021.10.02-11.46.40:369][  0]LogWindows: WindowsPlatformFeatures enabled
[2021.10.02-11.46.40:396][  0]LogInit: Physics initialised using underlying interface: PhysX
[2021.10.02-11.46.40:396][  0]LogInit: Using OS detected language (en-US).
[2021.10.02-11.46.40:396][  0]LogInit: Using OS detected locale (en-CA).
[2021.10.02-11.46.40:398][  0]LogTextLocalizationManager: No specific localization for 'en-US' exists, so the 'en' localization will be used.
[2021.10.02-11.46.40:531][  0]LogInit: Setting process to per monitor DPI aware
[2021.10.02-11.46.40:544][  0]LogWindowsTextInputMethodSystem: Display: IME system deactivated.
[2021.10.02-11.46.40:554][  0]LogSlate: New Slate User Created.  User Index 0, Is Virtual User: 0
[2021.10.02-11.46.40:554][  0]LogSlate: Slate User Registered.  User Index 0, Is Virtual User: 0
[2021.10.02-11.46.40:633][  0]LogD3D11RHI: Loaded GFSDK_Aftermath_Lib.x64.dll
[2021.10.02-11.46.40:669][  0]LogHMD: Failed to initialize OpenVR with code 108
[2021.10.02-11.46.40:669][  0]LogD3D11RHI: D3D11 min allowed feature level: 11_0
[2021.10.02-11.46.40:669][  0]LogD3D11RHI: D3D11 max allowed feature level: 11_0
[2021.10.02-11.46.40:669][  0]LogD3D11RHI: D3D11 adapters:
[2021.10.02-11.46.40:739][  0]LogD3D11RHI:    0. 'NVIDIA GeForce RTX 3080 Laptop GPU' (Feature Level 11_0)
[2021.10.02-11.46.40:739][  0]LogD3D11RHI:       16201/0/16234 MB DedicatedVideo/DedicatedSystem/SharedSystem, Outputs:1, VendorId:0x10de
[2021.10.02-11.46.40:766][  0]LogD3D11RHI:    1. 'Intel(R) UHD Graphics' (Feature Level 11_0)
[2021.10.02-11.46.40:766][  0]LogD3D11RHI:       128/0/16234 MB DedicatedVideo/DedicatedSystem/SharedSystem, Outputs:1, VendorId:0x8086
[2021.10.02-11.46.40:768][  0]LogD3D11RHI:    2. 'Microsoft Basic Render Driver' (Feature Level 11_0)
[2021.10.02-11.46.40:768][  0]LogD3D11RHI:       0/0/16234 MB DedicatedVideo/DedicatedSystem/SharedSystem, Outputs:0, VendorId:0x1414
[2021.10.02-11.46.40:768][  0]LogD3D11RHI: Chosen D3D11 Adapter: 0
[2021.10.02-11.46.40:775][  0]LogD3D11RHI: Creating new Direct3DDevice
[2021.10.02-11.46.40:775][  0]LogD3D11RHI:     GPU DeviceId: 0x249c (for the marketing name, search the web for "GPU Device Id")
[2021.10.02-11.46.40:775][  0]LogWindows: EnumDisplayDevices:
[2021.10.02-11.46.40:775][  0]LogWindows:    0. 'Intel(R) UHD Graphics' (P:0 D:1)
[2021.10.02-11.46.40:776][  0]LogWindows:    1. 'Intel(R) UHD Graphics' (P:0 D:0)
[2021.10.02-11.46.40:776][  0]LogWindows:    2. 'Intel(R) UHD Graphics' (P:0 D:0)
[2021.10.02-11.46.40:776][  0]LogWindows:    3. 'Intel(R) UHD Graphics' (P:0 D:0)
[2021.10.02-11.46.40:776][  0]LogWindows:    4. 'NVIDIA GeForce RTX 3080 Laptop GPU' (P:1 D:1)
[2021.10.02-11.46.40:776][  0]LogWindows:    5. 'NVIDIA GeForce RTX 3080 Laptop GPU' (P:0 D:0)
[2021.10.02-11.46.40:776][  0]LogWindows:    6. 'NVIDIA GeForce RTX 3080 Laptop GPU' (P:0 D:0)
[2021.10.02-11.46.40:776][  0]LogWindows:    7. 'NVIDIA GeForce RTX 3080 Laptop GPU' (P:0 D:0)
[2021.10.02-11.46.40:776][  0]LogWindows: DebugString: PrimaryIsNotTheChoosenAdapter PrimaryIsNotTheChoosenAdapter PrimaryIsNotTheChoosenAdapter PrimaryIsNotTheChoosenAdapter FoundDriverCount:4 
[2021.10.02-11.46.40:776][  0]LogD3D11RHI:     Adapter Name: NVIDIA GeForce RTX 3080 Laptop GPU
[2021.10.02-11.46.40:776][  0]LogD3D11RHI:   Driver Version: 471.68 (internal:30.0.14.7168, unified:471.68)
[2021.10.02-11.46.40:776][  0]LogD3D11RHI:      Driver Date: 8-5-2021
[2021.10.02-11.46.40:776][  0]LogRHI: Texture pool is 11340 MB (70% of 16201 MB)
[2021.10.02-11.46.40:837][  0]LogD3D11RHI: RHI has support for 64 bit atomics
[2021.10.02-11.46.40:837][  0]LogD3D11RHI: Async texture creation enabled
[2021.10.02-11.46.40:837][  0]LogD3D11RHI: Array index from any shader is supported
[2021.10.02-11.46.40:856][  0]LogD3D11RHI: GPU Timing Frequency: 1000.000000 (Debug: 2 2)
[2021.10.02-11.46.40:869][  0]LogRHI: GeForceNow SDK initialized: 1
[2021.10.02-11.46.41:077][  0]LogTargetPlatformManager: Display: Loaded TargetPlatform 'AllDesktop'
[2021.10.02-11.46.41:091][  0]LogTargetPlatformManager: Display: Loaded TargetPlatform 'Android'
[2021.10.02-11.46.41:091][  0]LogTargetPlatformManager: Display: Loaded TargetPlatform 'Android_ASTC'
[2021.10.02-11.46.41:091][  0]LogTargetPlatformManager: Display: Loaded TargetPlatform 'Android_DXT'
[2021.10.02-11.46.41:091][  0]LogTargetPlatformManager: Display: Loaded TargetPlatform 'Android_ETC2'
[2021.10.02-11.46.41:091][  0]LogTargetPlatformManager: Display: Loaded TargetPlatform 'AndroidClient'
[2021.10.02-11.46.41:091][  0]LogTargetPlatformManager: Display: Loaded TargetPlatform 'Android_ASTCClient'
[2021.10.02-11.46.41:091][  0]LogTargetPlatformManager: Display: Loaded TargetPlatform 'Android_DXTClient'
[2021.10.02-11.46.41:091][  0]LogTargetPlatformManager: Display: Loaded TargetPlatform 'Android_ETC2Client'
[2021.10.02-11.46.41:091][  0]LogTargetPlatformManager: Display: Loaded TargetPlatform 'Android_Multi'
[2021.10.02-11.46.41:091][  0]LogTargetPlatformManager: Display: Loaded TargetPlatform 'Android_MultiClient'
[2021.10.02-11.46.41:104][  0]LogTargetPlatformManager: Display: Loaded TargetPlatform 'IOSClient'
[2021.10.02-11.46.41:104][  0]LogTargetPlatformManager: Display: Loaded TargetPlatform 'IOS'
[2021.10.02-11.46.41:110][  0]LogTargetPlatformManager: Display: Loaded TargetPlatform 'Linux'
[2021.10.02-11.46.41:113][  0]LogTargetPlatformManager: Display: Loaded TargetPlatform 'LinuxNoEditor'
[2021.10.02-11.46.41:116][  0]LogTargetPlatformManager: Display: Loaded TargetPlatform 'LinuxClient'
[2021.10.02-11.46.41:119][  0]LogTargetPlatformManager: Display: Loaded TargetPlatform 'LinuxServer'
[2021.10.02-11.46.41:125][  0]LogTargetPlatformManager: Display: Loaded TargetPlatform 'LinuxAArch64NoEditor'
[2021.10.02-11.46.41:128][  0]LogTargetPlatformManager: Display: Loaded TargetPlatform 'LinuxAArch64Client'
[2021.10.02-11.46.41:131][  0]LogTargetPlatformManager: Display: Loaded TargetPlatform 'LinuxAArch64Server'
[2021.10.02-11.46.41:146][  0]LogTargetPlatformManager: Display: Loaded TargetPlatform 'Lumin'
[2021.10.02-11.46.41:146][  0]LogTargetPlatformManager: Display: Loaded TargetPlatform 'LuminClient'
[2021.10.02-11.46.41:151][  0]LogTargetPlatformManager: Display: Loaded TargetPlatform 'MacNoEditor'
[2021.10.02-11.46.41:154][  0]LogTargetPlatformManager: Display: Loaded TargetPlatform 'Mac'
[2021.10.02-11.46.41:157][  0]LogTargetPlatformManager: Display: Loaded TargetPlatform 'MacClient'
[2021.10.02-11.46.41:160][  0]LogTargetPlatformManager: Display: Loaded TargetPlatform 'MacServer'
[2021.10.02-11.46.41:166][  0]LogTargetPlatformManager: Display: Loaded TargetPlatform 'TVOSClient'
[2021.10.02-11.46.41:166][  0]LogTargetPlatformManager: Display: Loaded TargetPlatform 'TVOS'
[2021.10.02-11.46.41:172][  0]LogTargetPlatformManager: Display: Loaded TargetPlatform 'WindowsNoEditor'
[2021.10.02-11.46.41:175][  0]LogTargetPlatformManager: Display: Loaded TargetPlatform 'Windows'
[2021.10.02-11.46.41:178][  0]LogTargetPlatformManager: Display: Loaded TargetPlatform 'WindowsClient'
[2021.10.02-11.46.41:181][  0]LogTargetPlatformManager: Display: Loaded TargetPlatform 'WindowsServer'
[2021.10.02-11.46.41:181][  0]LogTargetPlatformManager: Display: Building Assets For Windows
[2021.10.02-11.46.41:185][  0]LogAudioDebug: Display: Lib vorbis DLL was dynamically loaded.
[2021.10.02-11.46.41:203][  0]LogTextureFormatOodle: Display: Oodle Texture 2.9.0 init RDO Off
[2021.10.02-11.46.41:224][  0]LogRendererCore: Ray tracing is disabled. Reason: r.RayTracing=0.
[2021.10.02-11.46.41:224][  0]LogShaderCompilers: Guid format shader working directory is -51 characters bigger than the processId version (../../../../../Projects/GamJams/2021LudumDare49/LudumDare49/LudumDare49_ScrapYard/LD_49_ScrapYard/Intermediate/Shaders/WorkingDirectory/19888/).
[2021.10.02-11.46.41:224][  0]LogShaderCompilers: Cleaned the shader compiler working directory 'C:/Users/DarKeN/AppData/Local/Temp/UnrealShaderWorkingDir/E1FD9C7A4E10AC441C5749B60E31ED1F/'.
[2021.10.02-11.46.41:224][  0]LogXGEController: Cannot use XGE Controller as Incredibuild is not installed on this machine.
[2021.10.02-11.46.41:224][  0]LogShaderCompilers: Cannot use XGE Shader Compiler as Incredibuild is not installed on this machine.
[2021.10.02-11.46.41:224][  0]LogShaderCompilers: Display: Using Local Shader Compiler.
[2021.10.02-11.46.41:815][  0]LogDerivedDataCache: Display: Max Cache Size: 512 MB
[2021.10.02-11.46.41:866][  0]LogDerivedDataCache: Loaded boot cache 0.05s 95MB C:/Users/DarKeN/AppData/Local/UnrealEngine/4.27/DerivedDataCache/Boot.ddc.
[2021.10.02-11.46.41:866][  0]LogDerivedDataCache: Display: Loaded Boot cache: C:/Users/DarKeN/AppData/Local/UnrealEngine/4.27/DerivedDataCache/Boot.ddc
[2021.10.02-11.46.41:866][  0]LogDerivedDataCache: FDerivedDataBackendGraph:  Pak pak cache file ../../../../../Projects/GamJams/2021LudumDare49/LudumDare49/LudumDare49_ScrapYard/LD_49_ScrapYard/DerivedDataCache/DDC.ddp not found, will not use a pak cache.
[2021.10.02-11.46.41:866][  0]LogDerivedDataCache: Unable to find inner node Pak for hierarchical cache Hierarchy.
[2021.10.02-11.46.41:866][  0]LogDerivedDataCache: FDerivedDataBackendGraph:  CompressedPak pak cache file ../../../../../Projects/GamJams/2021LudumDare49/LudumDare49/LudumDare49_ScrapYard/LD_49_ScrapYard/DerivedDataCache/Compressed.ddp not found, will not use a pak cache.
[2021.10.02-11.46.41:866][  0]LogDerivedDataCache: Unable to find inner node CompressedPak for hierarchical cache Hierarchy.
[2021.10.02-11.46.41:879][  0]LogDerivedDataCache: Display: Pak cache opened for reading ../../../Engine/DerivedDataCache/Compressed.ddp.
[2021.10.02-11.46.41:879][  0]LogDerivedDataCache: FDerivedDataBackendGraph:  EnterprisePak pak cache file ../../../Enterprise/DerivedDataCache/Compressed.ddp not found, will not use a pak cache.
[2021.10.02-11.46.41:879][  0]LogDerivedDataCache: Unable to find inner node EnterprisePak for hierarchical cache Hierarchy.
[2021.10.02-11.46.41:891][  0]LogDerivedDataCache: Speed tests for C:/Users/DarKeN/AppData/Local/UnrealEngine/Common/DerivedDataCache took 0.01 seconds
[2021.10.02-11.46.41:891][  0]LogDerivedDataCache: Display: Performance to C:/Users/DarKeN/AppData/Local/UnrealEngine/Common/DerivedDataCache: Latency=0.03ms. RandomReadSpeed=1741.97MBs, RandomWriteSpeed=79.89MBs. Assigned SpeedClass 'Local'
[2021.10.02-11.46.41:892][  0]LogDerivedDataCache: Using Local data cache path C:/Users/DarKeN/AppData/Local/UnrealEngine/Common/DerivedDataCache: Writable
[2021.10.02-11.46.41:892][  0]LogDerivedDataCache: Shared data cache path not found in *engine.ini, will not use an Shared cache.
[2021.10.02-11.46.41:892][  0]LogDerivedDataCache: Unable to find inner node Shared for hierarchical cache Hierarchy.
[2021.10.02-11.46.41:927][  0]LogSlate: Using FreeType 2.10.0
[2021.10.02-11.46.41:927][  0]LogSlate: SlateFontServices - WITH_FREETYPE: 1, WITH_HARFBUZZ: 1
[2021.10.02-11.46.41:944][  0]LogAssetRegistry: FAssetRegistry took 0.0022 seconds to start up
[2021.10.02-11.46.42:142][  0]LogInit: Selected Device Profile: [Windows]
[2021.10.02-11.46.42:142][  0]LogInit: Active device profile: [0000017C65E8D300][0000017C64321640 49] Windows
[2021.10.02-11.46.42:142][  0]LogInit: Profiles: [0000017C65E8D300][0000017C64321640 49] Windows, [0000017C65E66C00][0000017C596F7900 49] WindowsNoEditor, [0000017C65E8E400][0000017C5DAD3BC0 49] WindowsServer, [0000017C65E67B00][0000017C65D24300 49] WindowsClient, [0000017C65E8F300][0000017C65D285C0 49] IOS, [0000017C65E65200][0000017C65D2C880 49] iPadAir, [0000017C65E8FE00][0000017C65D30B40 49] iPadAir2, [0000017C65E12100][0000017C595A5040 49] IPadPro, [0000017C65E12200][0000017C596F3080 49] iPadAir3, [0000017C65E67F00][0000017C65D3D340 49] iPadAir4, [0000017C65E13100][0000017C65D39600 49] iPadMini2, [0000017C65E66F00][0000017C595A18C0 49] iPadMini3, [0000017C65E13E00][0000017C6563FB80 49] iPadMini4, [0000017C65E66000][0000017C656422C0 49] iPadMini5, [0000017C65E25A00][0000017C65732800 49] iPhone6, [0000017C65E25B00][0000017C65646840 49] iPodTouch6, [0000017C65E8EE00][0000017C65736D40 49] iPhone7, [0000017C65E8F100][0000017C6572AD80 49] iPodTouch7, [0000017C65E11C00][0000017C65D35000 49] iPhone5S, [0000017C65E8D200][0000017C595BD2C0 49] iPhone6Plus, [0000017C65E11800][0000017C65777580 49] iPhone6S, [0000017C65E8C400][0000017C66E2D840 49] iPhone6SPlus, [0000017C65E10E00][0000017C66E31B00 49] iPhone7Plus, [0000017C65E8F000][0000017C66E74240 49] iPhoneSE, [0000017C65E10A00][0000017C66E78500 49] iPhone8, [0000017C65E8C800][0000017C6577E7C0 49] iPhone8Plus, [0000017C65E8DD00][0000017C65782A80 49] iPhoneX, [0000017C65E24800][0000017C65786D40 49] iPhoneXS, [0000017C65E8ED00][0000017C6572EFC0 49] iPhoneXSMax, [0000017C65E24F00][0000017C6578B240 49] iPhoneXR, [0000017C65E8DA00][0000017C65793500 49] iPhone11, [0000017C65E25300][0000017C657977C0 49] iPhone11Pro, [0000017C65E24400][0000017C6577BA80 49] iPhone11ProMax, [0000017C65E13200][0000017C66E341C0 49] iPhoneSE2, [0000017C65E26300][0000017C6714A480 49] iPhone12Mini, [0000017C65E11400][0000017C65B8C740 49] iPhone12, [0000017C65E26D00][0000017C65B90A00 49] iPhone12Pro, [0000017C65E13700][0000017C65B94CC0 49] iPhone12ProMax, [0000017C65E26E00][0000017C6579AF80 49] iPadPro105, [0000017C65E12400][0000017C6578F200 49] iPadPro129, [0000017C65E26F00][0000017C64377480 49] iPadPro97, [0000017C65E13800][0000017C596FF740 49] iPadPro2_129, [0000017C65E8D600][0000017C59703A00 49] iPad5, [0000017C65E11B00][0000017C59706140 49] iPad6, [0000017C65E8F700][0000017C5970A400 49] iPad7, [0000017C65E10100][0000017C5970E6C0 49] iPad8, [0000017C65E8DE00][0000017C59712980 49] iPadPro11, [0000017C65E12F00][0000017C59716C40 49] iPadPro2_11, [0000017C65E8FA00][0000017C5971AF00 49] iPadPro3_129, [0000017C65E12B00][0000017C5971F1C0 49] iPadPro4_129, [0000017C65E8E900][0000017C6437B440 49] AppleTV, [0000017C65E10200][0000017C597236C0 49] AppleTV4K, [0000017C65E8E500][0000017C65B9D980 49] TVOS, [0000017C65E11900][0000017C65BA00C0 49] Mac, [0000017C65E8CE00][0000017C65BA4380 49] MacClient, [0000017C65E10800][0000017C65BA8640 49] MacNoEditor, [0000017C65E8D800][0000017C65BAC900 49] MacServer, [0000017C65E11E00][0000017C65BB0BC0 49] Linux, [0000017C65E8D000][0000017C65BB4E80 49] LinuxAArch64, [0000017C65E10300][0000017C65BB9140 49] LinuxNoEditor, [0000017C65E8C600][0000017C65BBD400 49] LinuxAArch64NoEditor, [0000017C65E13F00][0000017C65B99680 49] LinuxClient, [0000017C65E8C100][0000017C66E39900 49] LinuxAArch64Client, [0000017C65E10600][0000017C66E41BC0 49] LinuxServer, [0000017C65E8D500][0000017C66E44300 49] LinuxAArch64Server, [0000017C65E12D00][0000017C66E485C0 49] Android, [0000017C65E8CD00][0000017C66E4C880 49] Android_Low, [0000017C65E11600][0000017C66E50B40 49] Android_Mid, [0000017C65E8F400][0000017C66E54E00 49] Android_High, [0000017C65E10B00][0000017C66E590C0 49] Android_Default, [0000017C65E8DF00][0000017C66E5D380 49] Android_Adreno4xx, [0000017C65E11500][0000017C66E61640 49] Android_Adreno5xx_Low, [0000017C65E8F500][0000017C66E3D8C0 49] Android_Adreno5xx, [0000017C65E10700][0000017C66E65B40 49] Android_Adreno6xx, [0000017C65E8DC00][0000017C66E6C280 49] Android_Adreno6xx_Vulkan, [0000017C65E12800][0000017C66E70540 49] Android_Mali_T6xx, [0000017C65E8E300][0000017C5953E800 49] Android_Mali_T7xx, [0000017C65E11700][0000017C59542AC0 49] Android_Mali_T8xx, [0000017C65E8E800][0000017C59546D80 49] Android_Mali_G71, [0000017C65E13400][0000017C5954B040 49] Android_Mali_G72, [0000017C65E8C700][0000017C5954F300 49] Android_Mali_G72_Vulkan, [0000017C65E12700][0000017C595535C0 49] Android_Mali_G76, [0000017C65E27900][0000017C59557880 49] Android_Mali_G76_Vulkan, [0000017C65E64900][0000017C66E69B00 49] Android_Mali_G77, [0000017C65E27200][0000017C5955A200 49] Android_Mali_G77_Vulkan, [0000017C65E64D00][0000017C595624C0 49] Android_Mali_G78, [0000017C65E24C00][0000017C59566780 49] Android_Mali_G78_Vulkan, [0000017C65E64B00][0000017C5956AA40 49] Android_Mali_G710, [0000017C65E24500][0000017C5956ED00 49] Android_Mali_G710_Vulkan, [0000017C65E67D00][0000017C5972EFC0 49] Android_Vulkan_SM5, [0000017C65E24200][0000017C59733280 49] Android_PowerVR_G6xxx, [0000017C65E67700][0000017C59737540 49] Android_PowerVR_GT7xxx, [0000017C65E27700][0000017C5973B800 49] Android_PowerVR_GE8xxx, [0000017C65E64200][0000017C5973FAC0 49] Android_PowerVR_GM9xxx, [0000017C65E26200][0000017C5955E1C0 49] Android_PowerVR_GM9xxx_Vulkan, [0000017C65E66500][0000017C59742440 49] Android_TegraK1, [0000017C65E24E00][0000017C5974A700 49] Android_Unknown_Vulkan, [0000017C65E65600][0000017C595729C0 49] Lumin, [0000017C65E25100][0000017C59576C80 49] Lumin_Desktop, [0000017C65E66800][0000017C5957AF40 49] HoloLens, 
[2021.10.02-11.46.42:234][  0]LogMeshReduction: Using QuadricMeshReduction for automatic static mesh reduction
[2021.10.02-11.46.42:234][  0]LogMeshReduction: Using SimplygonMeshReduction for automatic skeletal mesh reduction
[2021.10.02-11.46.42:234][  0]LogMeshReduction: Using ProxyLODMeshReduction for automatic mesh merging
[2021.10.02-11.46.42:234][  0]LogMeshReduction: No distributed automatic mesh merging module available
[2021.10.02-11.46.42:234][  0]LogMeshMerging: No distributed automatic mesh merging module available
[2021.10.02-11.46.42:247][  0]LogNetVersion: LD_49_ScrapYard 1.0.0, NetCL: 17155196, EngineNetVer: 17, GameNetVer: 0 (Checksum: 1871244056)
[2021.10.02-11.46.42:507][  0]LogTexture: Default maximum texture size for cubemaps generated from long-lat sources has been changed from 512 to unlimited. In order to preserve old behaiour for '/Engine/MapTemplates/Sky/DaylightAmbientCubemap.DaylightAmbientCubemap', its maximum texture size has been explicitly set to 512.
[2021.10.02-11.46.42:549][  0]LogHMD: PokeAHoleMaterial loaded successfully
[2021.10.02-11.46.42:553][  0]LogUObjectArray: 17178 objects as part of root set at end of initial load.
[2021.10.02-11.46.42:553][  0]LogUObjectAllocator: 4301856 out of 0 bytes used by permanent object pool.
[2021.10.02-11.46.42:553][  0]LogUObjectArray: CloseDisregardForGC: 0/0 objects in disregard for GC pool
[2021.10.02-11.46.42:723][  0]LogNiagaraDebuggerClient: Niagara Debugger Client Initialized | Session: 7C6880A44AFDB6ACD6B78C9877FDE945 | Instance: 8869147849B758116B4513887E12C1D3 (RAIDEN-19888).
[2021.10.02-11.46.42:811][  0]LogStreaming: Warning: Failed to read file '../../../Engine/Content/Editor/Slate/Niagara/MenuSeparator.png' error.
[2021.10.02-11.46.42:811][  0]LogSlate: Could not find file for Slate resource: ../../../Engine/Content/Editor/Slate/Niagara/MenuSeparator.png
[2021.10.02-11.46.42:811][  0]LogStreaming: Warning: Failed to read file '../../../Engine/Content/Editor/Slate/Niagara/Common/Selector.png' error.
[2021.10.02-11.46.42:811][  0]LogSlate: Could not find file for Slate resource: ../../../Engine/Content/Editor/Slate/Niagara/Common/Selector.png
[2021.10.02-11.46.42:811][  0]LogStreaming: Warning: Failed to read file '../../../Engine/Content/Editor/Slate/Niagara/Common/Selection.png' error.
[2021.10.02-11.46.42:811][  0]LogSlate: Could not find file for Slate resource: ../../../Engine/Content/Editor/Slate/Niagara/Common/Selection.png
[2021.10.02-11.46.42:811][  0]LogStreaming: Warning: Failed to read file '../../../Engine/Content/Editor/Slate/Niagara/Common/DropZoneIndicator_Above.png' error.
[2021.10.02-11.46.42:811][  0]LogSlate: Could not find file for Slate resource: ../../../Engine/Content/Editor/Slate/Niagara/Common/DropZoneIndicator_Above.png
[2021.10.02-11.46.42:811][  0]LogStreaming: Warning: Failed to read file '../../../Engine/Content/Editor/Slate/Niagara/Common/DropZoneIndicator_Below.png' error.
[2021.10.02-11.46.42:811][  0]LogSlate: Could not find file for Slate resource: ../../../Engine/Content/Editor/Slate/Niagara/Common/DropZoneIndicator_Below.png
[2021.10.02-11.46.42:811][  0]LogStreaming: Warning: Failed to read file '../../../Engine/Content/Editor/Slate/Niagara/Common/DropZoneIndicator_Onto.png' error.
[2021.10.02-11.46.42:811][  0]LogSlate: Could not find file for Slate resource: ../../../Engine/Content/Editor/Slate/Niagara/Common/DropZoneIndicator_Onto.png
[2021.10.02-11.46.42:811][  0]LogStreaming: Warning: Failed to read file '../../../Engine/Content/Editor/Slate/Niagara/Common/FlatButton.png' error.
[2021.10.02-11.46.42:811][  0]LogSlate: Could not find file for Slate resource: ../../../Engine/Content/Editor/Slate/Niagara/Common/FlatButton.png
[2021.10.02-11.46.42:811][  0]LogStreaming: Warning: Failed to read file '../../../Engine/Content/Editor/Slate/Niagara/Common/RoundedSelection_16x.png' error.
[2021.10.02-11.46.42:811][  0]LogSlate: Could not find file for Slate resource: ../../../Engine/Content/Editor/Slate/Niagara/Common/RoundedSelection_16x.png
[2021.10.02-11.46.42:811][  0]LogImageWrapper: Warning: PNG Warning: Duplicate iCCP chunk
[2021.10.02-11.46.42:811][  0]LogImageWrapper: Warning: PNG Warning: Duplicate iCCP chunk
[2021.10.02-11.46.42:811][  0]LogPython: Using Python 3.7.7
[2021.10.02-11.46.43:191][  0]LogTcpMessaging: Initializing TcpMessaging bridge
[2021.10.02-11.46.43:197][  0]LogUdpMessaging: Initializing bridge on interface 0.0.0.0:0 to multicast group 230.0.0.1:6666.
[2021.10.02-11.46.43:235][  0]LogLinker: Warning: Failed to load '/Game/2DSideScrollerBP/2DSideScrollerOverview': Can't find file.
[2021.10.02-11.46.43:235][  0]LogLinker: Warning: Failed to load '/Game/2DSideScrollerBP/2DSideScrollerOverview': Can't find file.
[2021.10.02-11.46.43:235][  0]LogUObjectGlobals: Warning: Failed to find object 'Class /Game/2DSideScrollerBP/2DSideScrollerOverview.2DSideScrollerOverview_C'
[2021.10.02-11.46.43:292][  0]SourceControl: Source control is disabled
[2021.10.02-11.46.43:292][  0]SourceControl: Source control is disabled
[2021.10.02-11.46.43:294][  0]SourceControl: Source control is disabled
[2021.10.02-11.46.43:296][  0]SourceControl: Source control is disabled
[2021.10.02-11.46.43:305][  0]SourceControl: Source control is disabled
[2021.10.02-11.46.43:306][  0]LogUProjectInfo: Found projects:
[2021.10.02-11.46.43:445][  0]LogOpenImageDenoise: OIDN starting up
[2021.10.02-11.46.43:472][  0]LogAndroidPermission: UAndroidPermissionCallbackProxy::GetInstance
[2021.10.02-11.46.43:488][  0]LogAudioCaptureCore: Display: No Audio Capture implementations found. Audio input will be silent.
[2021.10.02-11.46.43:488][  0]LogAudioCaptureCore: Display: No Audio Capture implementations found. Audio input will be silent.
[2021.10.02-11.46.43:568][  0]LogCollectionManager: Loaded 0 collections in 0.000431 seconds
[2021.10.02-11.46.43:586][  0]LogFileCache: Scanning file cache for directory 'D:/Projects/GamJams/2021LudumDare49/LudumDare49/LudumDare49_ScrapYard/LD_49_ScrapYard/Saved/Collections/' took 0.00s
[2021.10.02-11.46.43:586][  0]LogFileCache: Scanning file cache for directory 'D:/Projects/GamJams/2021LudumDare49/LudumDare49/LudumDare49_ScrapYard/LD_49_ScrapYard/Content/Developers/DarKeN/Collections/' took 0.00s
[2021.10.02-11.46.43:586][  0]LogFileCache: Scanning file cache for directory 'D:/Projects/GamJams/2021LudumDare49/LudumDare49/LudumDare49_ScrapYard/LD_49_ScrapYard/Content/Collections/' took 0.00s
[2021.10.02-11.46.43:586][  0]LogOcInput: OculusInput pre-init called
[2021.10.02-11.46.43:737][  0]LogStreaming: Warning: Failed to read file '../../../Engine/Content/Editor/Slate/Niagara/MenuSeparator.png' error.
[2021.10.02-11.46.43:737][  0]LogSlate: Could not find file for Slate resource: ../../../Engine/Content/Editor/Slate/Niagara/MenuSeparator.png
[2021.10.02-11.46.43:737][  0]LogStreaming: Warning: Failed to read file '../../../Engine/Content/Editor/Slate/Niagara/Common/Selector.png' error.
[2021.10.02-11.46.43:737][  0]LogSlate: Could not find file for Slate resource: ../../../Engine/Content/Editor/Slate/Niagara/Common/Selector.png
[2021.10.02-11.46.43:737][  0]LogStreaming: Warning: Failed to read file '../../../Engine/Content/Editor/Slate/Niagara/Common/Selection.png' error.
[2021.10.02-11.46.43:737][  0]LogSlate: Could not find file for Slate resource: ../../../Engine/Content/Editor/Slate/Niagara/Common/Selection.png
[2021.10.02-11.46.43:737][  0]LogStreaming: Warning: Failed to read file '../../../Engine/Content/Editor/Slate/Niagara/Common/DropZoneIndicator_Onto.png' error.
[2021.10.02-11.46.43:737][  0]LogSlate: Could not find file for Slate resource: ../../../Engine/Content/Editor/Slate/Niagara/Common/DropZoneIndicator_Onto.png
[2021.10.02-11.46.43:737][  0]LogStreaming: Warning: Failed to read file '../../../Engine/Content/Editor/Slate/Niagara/Common/DropZoneIndicator_Above.png' error.
[2021.10.02-11.46.43:737][  0]LogStreaming: Warning: Failed to read file '../../../Engine/Content/Editor/Slate/Niagara/Common/DropZoneIndicator_Below.png' error.
[2021.10.02-11.46.43:737][  0]LogSlate: Could not find file for Slate resource: ../../../Engine/Content/Editor/Slate/Niagara/Common/DropZoneIndicator_Below.png
[2021.10.02-11.46.43:737][  0]LogSlate: Could not find file for Slate resource: ../../../Engine/Content/Editor/Slate/Niagara/Common/DropZoneIndicator_Above.png
[2021.10.02-11.46.43:737][  0]LogStreaming: Warning: Failed to read file '../../../Engine/Content/Editor/Slate/Niagara/Common/RoundedSelection_16x.png' error.
[2021.10.02-11.46.43:737][  0]LogImageWrapper: Warning: PNG Warning: Duplicate iCCP chunk
[2021.10.02-11.46.43:737][  0]LogSlate: Could not find file for Slate resource: ../../../Engine/Content/Editor/Slate/Niagara/Common/RoundedSelection_16x.png
[2021.10.02-11.46.43:737][  0]LogStreaming: Warning: Failed to read file '../../../Engine/Content/Editor/Slate/Niagara/Common/FlatButton.png' error.
[2021.10.02-11.46.43:737][  0]LogSlate: Could not find file for Slate resource: ../../../Engine/Content/Editor/Slate/Niagara/Common/FlatButton.png
[2021.10.02-11.46.43:737][  0]LogImageWrapper: Warning: PNG Warning: Duplicate iCCP chunk
[2021.10.02-11.46.43:737][  0]LogEngine: Initializing Engine...
[2021.10.02-11.46.43:785][  0]LogHMD: Failed to initialize OpenVR with code 108
[2021.10.02-11.46.43:792][  0]LogHMD: Optional extension XR_VARJO_quad_views is not available
[2021.10.02-11.46.43:793][  0]LogHMD: Warning: Required extension XR_EXT_eye_gaze_interaction is not available
[2021.10.02-11.46.43:793][  0]LogHMD: Could not enable all required OpenXR extensions for OpenXREyeTracker on current system. This plugin will be loaded but ignored, but will be enabled on a target platform that supports the required extension.
[2021.10.02-11.46.43:823][  0]LogHMD: Failed to create an OpenXR instance, result is XR_ERROR_RUNTIME_FAILURE. Please check if you have an OpenXR runtime installed. The following extensions were enabled:
[2021.10.02-11.46.43:823][  0]LogHMD: - XR_KHR_D3D11_enable
[2021.10.02-11.46.43:823][  0]LogHMD: - XR_KHR_D3D12_enable
[2021.10.02-11.46.43:823][  0]LogHMD: - XR_KHR_opengl_enable
[2021.10.02-11.46.43:823][  0]LogHMD: - XR_KHR_vulkan_enable
[2021.10.02-11.46.43:823][  0]LogHMD: - XR_KHR_composition_layer_depth
[2021.10.02-11.46.43:823][  0]LogHMD: - XR_KHR_visibility_mask
[2021.10.02-11.46.43:823][  0]LogHMD: - XR_EXT_hand_tracking
[2021.10.02-11.46.43:823][  0]LogMagicLeap: Warning: VR disabled because ZI is not enabled.  To enable, in the editor, Edit -> Project Settings -> Plugins -> Magic Leap Plugin -> Enable Zero Iteration
[2021.10.02-11.46.43:824][  0]LogStats: UGameplayTagsManager::InitializeManager -  0.000 s
[2021.10.02-11.46.43:913][  0]LogInit: Initializing FReadOnlyCVARCache
[2021.10.02-11.46.43:919][  0]LogAIModule: Creating AISystem for world Untitled
[2021.10.02-11.46.43:926][  0]LogAudio: Display: Initializing Audio Device Manager...
[2021.10.02-11.46.43:929][  0]LogAudio: Display: Loading Default Audio Settings Objects...
[2021.10.02-11.46.43:929][  0]LogAudio: Display: No default SoundConcurrencyObject specified (or failed to load).
[2021.10.02-11.46.43:929][  0]LogAudio: Display: Audio Device Manager Initialized
[2021.10.02-11.46.43:929][  0]LogAudio: Display: Creating Audio Device:                 Id: 1, Scope: Shared, Realtime: True
[2021.10.02-11.46.43:929][  0]LogAudioMixer: Display: Audio Mixer Platform Settings:
[2021.10.02-11.46.43:929][  0]LogAudioMixer: Display: 	Sample Rate:						  48000
[2021.10.02-11.46.43:929][  0]LogAudioMixer: Display: 	Callback Buffer Frame Size Requested: 1024
[2021.10.02-11.46.43:930][  0]LogAudioMixer: Display: 	Callback Buffer Frame Size To Use:	  1024
[2021.10.02-11.46.43:930][  0]LogAudioMixer: Display: 	Number of buffers to queue:			  2
[2021.10.02-11.46.43:930][  0]LogAudioMixer: Display: 	Max Channels (voices):				  32
[2021.10.02-11.46.43:930][  0]LogAudioMixer: Display: 	Number of Async Source Workers:		  0
[2021.10.02-11.46.43:930][  0]LogAudio: Display: AudioDevice MaxSources: 32
[2021.10.02-11.46.43:930][  0]LogAudio: Display: Audio Spatialization Plugin: None (built-in).
[2021.10.02-11.46.43:930][  0]LogAudio: Display: Audio Reverb Plugin: None (built-in).
[2021.10.02-11.46.43:930][  0]LogAudio: Display: Audio Occlusion Plugin: None (built-in).
[2021.10.02-11.46.43:930][  0]LogAudioMixer: Display: Initializing audio mixer.
[2021.10.02-11.46.43:969][  0]LogAudioMixer: Display: 0: FrontLeft
[2021.10.02-11.46.43:969][  0]LogAudioMixer: Display: 1: FrontRight
[2021.10.02-11.46.43:983][  0]LogAudioMixer: Display: Using Audio Device Speakers (RME Fireface UC)
[2021.10.02-11.46.43:985][  0]LogAudioMixer: Display: Initializing Sound Submixes...
[2021.10.02-11.46.43:987][  0]LogAudioMixer: Display: Creating Master Submix 'MasterSubmixDefault'
[2021.10.02-11.46.43:987][  0]LogAudioMixer: Display: Creating Master Submix 'MasterReverbSubmixDefault'
[2021.10.02-11.46.43:988][  0]LogAudioMixer: Display: Creating Master Submix 'MasterEQSubmixDefault'
[2021.10.02-11.46.43:988][  0]LogAudioMixer: FMixerPlatformXAudio2::StartAudioStream() called
[2021.10.02-11.46.43:988][  0]LogAudioMixer: Display: Output buffers initialized: Frames=1024, Channels=2, Samples=2048
[2021.10.02-11.46.43:988][  0]LogAudioMixer: Display: Starting AudioMixerPlatformInterface::RunInternal()
[2021.10.02-11.46.43:988][  0]LogAudioMixer: Display: FMixerPlatformXAudio2::SubmitBuffer() called for the first time
[2021.10.02-11.46.43:988][  0]LogInit: FAudioDevice initialized.
[2021.10.02-11.46.43:988][  0]LogAudio: Display: Audio Device (ID: 1) registered with world 'Untitled'.
[2021.10.02-11.46.43:988][  0]LogNetVersion: Set ProjectVersion to 1.0.0.0. Version Checksum will be recalculated on next use.
[2021.10.02-11.46.44:029][  0]LogDerivedDataCache: Saved boot cache 0.04s 95MB C:/Users/DarKeN/AppData/Local/UnrealEngine/4.27/DerivedDataCache/Boot.ddc.
[2021.10.02-11.46.44:030][  0]LogInit: Texture streaming: Enabled
[2021.10.02-11.46.44:038][  0]LogAnalytics: Display: [UEEditor.Rocket.Release] APIServer = https://datarouter.ol.epicgames.com/. AppVersion = 4.27.0-17155196+++UE4+Release-4.27
[2021.10.02-11.46.44:041][  0]LogEngineSessionManager: EngineSessionManager initialized
[2021.10.02-11.46.44:041][  0]LogEditorSessionSummary: Verbose: Initializing EditorSessionSummaryWriter for editor session tracking
[2021.10.02-11.46.44:043][  0]LogEditorSessionSummary: EditorSessionSummaryWriter initialized
[2021.10.02-11.46.44:075][  0]LogInit: Transaction tracking system initialized
[2021.10.02-11.46.44:089][  0]BlueprintLog: New page: Editor Load
[2021.10.02-11.46.44:132][  0]LocalizationService: Localization service is disabled
[2021.10.02-11.46.44:147][  0]TimingProfiler: Initialize
[2021.10.02-11.46.44:147][  0]TimingProfiler: OnSessionChanged
[2021.10.02-11.46.44:147][  0]LoadingProfiler: Initialize
[2021.10.02-11.46.44:147][  0]LoadingProfiler: OnSessionChanged
[2021.10.02-11.46.44:147][  0]NetworkingProfiler: Initialize
[2021.10.02-11.46.44:147][  0]NetworkingProfiler: OnSessionChanged
[2021.10.02-11.46.44:147][  0]MemoryProfiler: Initialize
[2021.10.02-11.46.44:147][  0]MemoryProfiler: OnSessionChanged
[2021.10.02-11.46.44:259][  0]LogCook: Display: CookSettings for Memory: MemoryMaxUsedVirtual 0MiB, MemoryMaxUsedPhysical 16384MiB, MemoryMinFreeVirtual 0MiB, MemoryMinFreePhysical 1024MiB
[2021.10.02-11.46.44:259][  0]LogCook: Display: Mobile HDR setting 1
[2021.10.02-11.46.44:297][  0]LogFileCache: Scanning file cache for directory 'D:/Projects/GamJams/2021LudumDare49/LudumDare49/LudumDare49_ScrapYard/LD_49_ScrapYard/Content/' took 0.00s
[2021.10.02-11.46.44:498][  0]LogStreaming: Warning: Failed to read file '../../../Engine/Content/Editor/Slate/Niagara/MenuSeparator.png' error.
[2021.10.02-11.46.44:498][  0]LogSlate: Could not find file for Slate resource: ../../../Engine/Content/Editor/Slate/Niagara/MenuSeparator.png
[2021.10.02-11.46.44:498][  0]LogImageWrapper: Warning: PNG Warning: Duplicate iCCP chunk
[2021.10.02-11.46.44:498][  0]LogStreaming: Warning: Failed to read file '../../../Engine/Content/Editor/Slate/Niagara/Common/Selector.png' error.
[2021.10.02-11.46.44:498][  0]LogSlate: Could not find file for Slate resource: ../../../Engine/Content/Editor/Slate/Niagara/Common/Selector.png
[2021.10.02-11.46.44:498][  0]LogStreaming: Warning: Failed to read file '../../../Engine/Content/Editor/Slate/Niagara/Common/Selection.png' error.
[2021.10.02-11.46.44:498][  0]LogSlate: Could not find file for Slate resource: ../../../Engine/Content/Editor/Slate/Niagara/Common/Selection.png
[2021.10.02-11.46.44:498][  0]LogStreaming: Warning: Failed to read file '../../../Engine/Content/Editor/Slate/Niagara/Common/DropZoneIndicator_Onto.png' error.
[2021.10.02-11.46.44:498][  0]LogStreaming: Warning: Failed to read file '../../../Engine/Content/Editor/Slate/Niagara/Common/DropZoneIndicator_Above.png' error.
[2021.10.02-11.46.44:498][  0]LogSlate: Could not find file for Slate resource: ../../../Engine/Content/Editor/Slate/Niagara/Common/DropZoneIndicator_Onto.png
[2021.10.02-11.46.44:498][  0]LogSlate: Could not find file for Slate resource: ../../../Engine/Content/Editor/Slate/Niagara/Common/DropZoneIndicator_Above.png
[2021.10.02-11.46.44:498][  0]LogStreaming: Warning: Failed to read file '../../../Engine/Content/Editor/Slate/Niagara/Common/DropZoneIndicator_Below.png' error.
[2021.10.02-11.46.44:498][  0]LogSlate: Could not find file for Slate resource: ../../../Engine/Content/Editor/Slate/Niagara/Common/DropZoneIndicator_Below.png
[2021.10.02-11.46.44:498][  0]LogStreaming: Warning: Failed to read file '../../../Engine/Content/Editor/Slate/Niagara/Common/RoundedSelection_16x.png' error.
[2021.10.02-11.46.44:499][  0]LogImageWrapper: Warning: PNG Warning: Duplicate iCCP chunk
[2021.10.02-11.46.44:499][  0]LogSlate: Could not find file for Slate resource: ../../../Engine/Content/Editor/Slate/Niagara/Common/RoundedSelection_16x.png
[2021.10.02-11.46.44:499][  0]LogStreaming: Warning: Failed to read file '../../../Engine/Content/Editor/Slate/Niagara/Common/FlatButton.png' error.
[2021.10.02-11.46.44:499][  0]LogSlate: Could not find file for Slate resource: ../../../Engine/Content/Editor/Slate/Niagara/Common/FlatButton.png
[2021.10.02-11.46.44:499][  0]LogInit: Display: Engine is initialized. Leaving FEngineLoop::Init()
[2021.10.02-11.46.44:501][  0]SourceControl: Source control is disabled
[2021.10.02-11.46.44:501][  0]LogUnrealEdMisc: Loading editor; pre map load, took 4.855
[2021.10.02-11.46.44:502][  0]Cmd: MAP LOAD FILE="../../../../../Projects/GamJams/2021LudumDare49/LudumDare49/LudumDare49_ScrapYard/LD_49_ScrapYard/Content/Levels/Main_CubePlacer.umap" TEMPLATE=0 SHOWPROGRESS=1 FEATURELEVEL=3
[2021.10.02-11.46.44:502][  0]LightingResults: New page: Lighting Build
[2021.10.02-11.46.44:503][  0]LogWorld: UWorld::CleanupWorld for Untitled, bSessionEnded=true, bCleanupResources=true
[2021.10.02-11.46.44:503][  0]LogSlate: InvalidateAllWidgets triggered.  All widgets were invalidated
[2021.10.02-11.46.44:503][  0]MapCheck: New page: Map Check
[2021.10.02-11.46.44:503][  0]LightingResults: New page: Lighting Build
[2021.10.02-11.46.44:506][  0]LogAudio: Display: Audio Device unregistered from world 'None'.
[2021.10.02-11.46.44:508][  0]LogUObjectHash: Compacting FUObjectHashTables data took   0.58ms
[2021.10.02-11.46.44:565][  0]LogAudio: Display: Audio Device (ID: 1) registered with world 'Main_CubePlacer'.
[2021.10.02-11.46.44:566][  0]LogAIModule: Creating AISystem for world Main_CubePlacer
[2021.10.02-11.46.44:569][  0]LogEditorServer: Finished looking for orphan Actors (0.000 secs)
[2021.10.02-11.46.44:576][  0]LogUObjectHash: Compacting FUObjectHashTables data took   0.59ms
[2021.10.02-11.46.44:576][  0]Cmd: MAP CHECKDEP NOCLEARLOG
[2021.10.02-11.46.44:576][  0]MapCheck: Map check complete: 0 Error(s), 0 Warning(s), took 0.094ms to complete.
[2021.10.02-11.46.44:576][  0]LogFileHelpers: Loading map 'Main_CubePlacer' took 0.075
[2021.10.02-11.46.44:578][  0]LogUnrealEdMisc: Total Editor Startup Time, took 4.932
[2021.10.02-11.46.44:695][  0]LogSlate: Updating window title bar state: overlay mode, drag disabled, window buttons hidden, title bar hidden
[2021.10.02-11.46.44:699][  0]LogSlate: Updating window title bar state: overlay mode, drag disabled, window buttons hidden, title bar hidden
[2021.10.02-11.46.44:703][  0]LogSlate: Updating window title bar state: overlay mode, drag disabled, window buttons hidden, title bar hidden
[2021.10.02-11.46.44:707][  0]LogSlate: Updating window title bar state: overlay mode, drag disabled, window buttons hidden, title bar hidden
[2021.10.02-11.46.44:721][  0]LogNativeClassHierarchy: Verbose: Native class hierarchy populated in 0.0108 seconds. Added 3865 classes and 938 folders.
[2021.10.02-11.46.44:723][  0]LogNativeClassHierarchy: Verbose: Native class hierarchy updated for 'WidgetCarousel' in 0.0003 seconds. Added 0 classes and 0 folders.
[2021.10.02-11.46.44:724][  0]LogPakFile: PakFile PrimaryIndexSize=187
[2021.10.02-11.46.44:724][  0]LogPakFile: PakFile PathHashIndexSize=101
[2021.10.02-11.46.44:724][  0]LogPakFile: PakFile FullDirectoryIndexSize=148
[2021.10.02-11.46.44:724][  0]LogShaderLibrary: Display: ShaderCodeLibraryPakFileMountedCallback: PakFile 'D:/Epic Games/UE_4.27/FeaturePacks/FP_FirstPerson.upack' (chunk index -1, root 'root:/') mounted
[2021.10.02-11.46.44:724][  0]LogShaderLibrary: Display: ShaderCodeLibraryPakFileMountedCallback: pending pak file info (ChunkID:-1 Root:root:/ File:D:/Epic Games/UE_4.27/FeaturePacks/FP_FirstPerson.upack)
[2021.10.02-11.46.44:724][  0]LogPakFile: OnPakFileMounted2Time == 0.000047
[2021.10.02-11.46.44:725][  0]LogPakFile: PakFile PrimaryIndexSize=189
[2021.10.02-11.46.44:725][  0]LogPakFile: PakFile PathHashIndexSize=101
[2021.10.02-11.46.44:725][  0]LogPakFile: PakFile FullDirectoryIndexSize=152
[2021.10.02-11.46.44:725][  0]LogShaderLibrary: Display: ShaderCodeLibraryPakFileMountedCallback: PakFile 'D:/Epic Games/UE_4.27/FeaturePacks/FP_FirstPersonBP.upack' (chunk index -1, root 'root:/') mounted
[2021.10.02-11.46.44:725][  0]LogShaderLibrary: Display: ShaderCodeLibraryPakFileMountedCallback: pending pak file info (ChunkID:-1 Root:root:/ File:D:/Epic Games/UE_4.27/FeaturePacks/FP_FirstPersonBP.upack)
[2021.10.02-11.46.44:725][  0]LogPakFile: OnPakFileMounted2Time == 0.000031
[2021.10.02-11.46.44:725][  0]LogPakFile: PakFile PrimaryIndexSize=191
[2021.10.02-11.46.44:725][  0]LogPakFile: PakFile PathHashIndexSize=101
[2021.10.02-11.46.44:725][  0]LogPakFile: PakFile FullDirectoryIndexSize=160
[2021.10.02-11.46.44:725][  0]LogShaderLibrary: Display: ShaderCodeLibraryPakFileMountedCallback: PakFile 'D:/Epic Games/UE_4.27/FeaturePacks/MobileStarterContent.upack' (chunk index -1, root 'root:/') mounted
[2021.10.02-11.46.44:725][  0]LogShaderLibrary: Display: ShaderCodeLibraryPakFileMountedCallback: pending pak file info (ChunkID:-1 Root:root:/ File:D:/Epic Games/UE_4.27/FeaturePacks/MobileStarterContent.upack)
[2021.10.02-11.46.44:725][  0]LogPakFile: OnPakFileMounted2Time == 0.000026
[2021.10.02-11.46.44:726][  0]LogPakFile: PakFile PrimaryIndexSize=185
[2021.10.02-11.46.44:726][  0]LogPakFile: PakFile PathHashIndexSize=101
[2021.10.02-11.46.44:726][  0]LogPakFile: PakFile FullDirectoryIndexSize=148
[2021.10.02-11.46.44:726][  0]LogShaderLibrary: Display: ShaderCodeLibraryPakFileMountedCallback: PakFile 'D:/Epic Games/UE_4.27/FeaturePacks/StarterContent.upack' (chunk index -1, root 'root:/') mounted
[2021.10.02-11.46.44:726][  0]LogShaderLibrary: Display: ShaderCodeLibraryPakFileMountedCallback: pending pak file info (ChunkID:-1 Root:root:/ File:D:/Epic Games/UE_4.27/FeaturePacks/StarterContent.upack)
[2021.10.02-11.46.44:726][  0]LogPakFile: OnPakFileMounted2Time == 0.000027
[2021.10.02-11.46.44:726][  0]LogPakFile: PakFile PrimaryIndexSize=190
[2021.10.02-11.46.44:726][  0]LogPakFile: PakFile PathHashIndexSize=101
[2021.10.02-11.46.44:726][  0]LogPakFile: PakFile FullDirectoryIndexSize=154
[2021.10.02-11.46.44:726][  0]LogShaderLibrary: Display: ShaderCodeLibraryPakFileMountedCallback: PakFile 'D:/Epic Games/UE_4.27/FeaturePacks/TP_2DSideScroller.upack' (chunk index -1, root 'root:/') mounted
[2021.10.02-11.46.44:726][  0]LogShaderLibrary: Display: ShaderCodeLibraryPakFileMountedCallback: pending pak file info (ChunkID:-1 Root:root:/ File:D:/Epic Games/UE_4.27/FeaturePacks/TP_2DSideScroller.upack)
[2021.10.02-11.46.44:726][  0]LogPakFile: OnPakFileMounted2Time == 0.000030
[2021.10.02-11.46.44:726][  0]LogPakFile: PakFile PrimaryIndexSize=192
[2021.10.02-11.46.44:727][  0]LogPakFile: PakFile PathHashIndexSize=101
[2021.10.02-11.46.44:727][  0]LogPakFile: PakFile FullDirectoryIndexSize=158
[2021.10.02-11.46.44:727][  0]LogShaderLibrary: Display: ShaderCodeLibraryPakFileMountedCallback: PakFile 'D:/Epic Games/UE_4.27/FeaturePacks/TP_2DSideScrollerBP.upack' (chunk index -1, root 'root:/') mounted
[2021.10.02-11.46.44:727][  0]LogShaderLibrary: Display: ShaderCodeLibraryPakFileMountedCallback: pending pak file info (ChunkID:-1 Root:root:/ File:D:/Epic Games/UE_4.27/FeaturePacks/TP_2DSideScrollerBP.upack)
[2021.10.02-11.46.44:727][  0]LogPakFile: OnPakFileMounted2Time == 0.000032
[2021.10.02-11.46.44:727][  0]LogPakFile: PakFile PrimaryIndexSize=182
[2021.10.02-11.46.44:727][  0]LogPakFile: PakFile PathHashIndexSize=101
[2021.10.02-11.46.44:727][  0]LogPakFile: PakFile FullDirectoryIndexSize=138
[2021.10.02-11.46.44:727][  0]LogShaderLibrary: Display: ShaderCodeLibraryPakFileMountedCallback: PakFile 'D:/Epic Games/UE_4.27/FeaturePacks/TP_Flying.upack' (chunk index -1, root 'root:/') mounted
[2021.10.02-11.46.44:727][  0]LogShaderLibrary: Display: ShaderCodeLibraryPakFileMountedCallback: pending pak file info (ChunkID:-1 Root:root:/ File:D:/Epic Games/UE_4.27/FeaturePacks/TP_Flying.upack)
[2021.10.02-11.46.44:727][  0]LogPakFile: OnPakFileMounted2Time == 0.000034
[2021.10.02-11.46.44:727][  0]LogPakFile: PakFile PrimaryIndexSize=184
[2021.10.02-11.46.44:727][  0]LogPakFile: PakFile PathHashIndexSize=101
[2021.10.02-11.46.44:727][  0]LogPakFile: PakFile FullDirectoryIndexSize=142
[2021.10.02-11.46.44:727][  0]LogShaderLibrary: Display: ShaderCodeLibraryPakFileMountedCallback: PakFile 'D:/Epic Games/UE_4.27/FeaturePacks/TP_FlyingBP.upack' (chunk index -1, root 'root:/') mounted
[2021.10.02-11.46.44:727][  0]LogShaderLibrary: Display: ShaderCodeLibraryPakFileMountedCallback: pending pak file info (ChunkID:-1 Root:root:/ File:D:/Epic Games/UE_4.27/FeaturePacks/TP_FlyingBP.upack)
[2021.10.02-11.46.44:727][  0]LogPakFile: OnPakFileMounted2Time == 0.000027
[2021.10.02-11.46.44:728][  0]LogPakFile: PakFile PrimaryIndexSize=188
[2021.10.02-11.46.44:728][  0]LogPakFile: PakFile PathHashIndexSize=101
[2021.10.02-11.46.44:728][  0]LogPakFile: PakFile FullDirectoryIndexSize=150
[2021.10.02-11.46.44:728][  0]LogShaderLibrary: Display: ShaderCodeLibraryPakFileMountedCallback: PakFile 'D:/Epic Games/UE_4.27/FeaturePacks/TP_HandheldARBP.upack' (chunk index -1, root 'root:/') mounted
[2021.10.02-11.46.44:728][  0]LogShaderLibrary: Display: ShaderCodeLibraryPakFileMountedCallback: pending pak file info (ChunkID:-1 Root:root:/ File:D:/Epic Games/UE_4.27/FeaturePacks/TP_HandheldARBP.upack)
[2021.10.02-11.46.44:728][  0]LogPakFile: OnPakFileMounted2Time == 0.000024
[2021.10.02-11.46.44:728][  0]LogPakFile: PakFile PrimaryIndexSize=182
[2021.10.02-11.46.44:728][  0]LogPakFile: PakFile PathHashIndexSize=101
[2021.10.02-11.46.44:728][  0]LogPakFile: PakFile FullDirectoryIndexSize=138
[2021.10.02-11.46.44:728][  0]LogShaderLibrary: Display: ShaderCodeLibraryPakFileMountedCallback: PakFile 'D:/Epic Games/UE_4.27/FeaturePacks/TP_Puzzle.upack' (chunk index -1, root 'root:/') mounted
[2021.10.02-11.46.44:728][  0]LogShaderLibrary: Display: ShaderCodeLibraryPakFileMountedCallback: pending pak file info (ChunkID:-1 Root:root:/ File:D:/Epic Games/UE_4.27/FeaturePacks/TP_Puzzle.upack)
[2021.10.02-11.46.44:728][  0]LogPakFile: OnPakFileMounted2Time == 0.000032
[2021.10.02-11.46.44:729][  0]LogPakFile: PakFile PrimaryIndexSize=184
[2021.10.02-11.46.44:729][  0]LogPakFile: PakFile PathHashIndexSize=101
[2021.10.02-11.46.44:729][  0]LogPakFile: PakFile FullDirectoryIndexSize=142
[2021.10.02-11.46.44:729][  0]LogShaderLibrary: Display: ShaderCodeLibraryPakFileMountedCallback: PakFile 'D:/Epic Games/UE_4.27/FeaturePacks/TP_PuzzleBP.upack' (chunk index -1, root 'root:/') mounted
[2021.10.02-11.46.44:729][  0]LogShaderLibrary: Display: ShaderCodeLibraryPakFileMountedCallback: pending pak file info (ChunkID:-1 Root:root:/ File:D:/Epic Games/UE_4.27/FeaturePacks/TP_PuzzleBP.upack)
[2021.10.02-11.46.44:729][  0]LogPakFile: OnPakFileMounted2Time == 0.000024
[2021.10.02-11.46.44:729][  0]LogPakFile: PakFile PrimaryIndexSize=183
[2021.10.02-11.46.44:729][  0]LogPakFile: PakFile PathHashIndexSize=101
[2021.10.02-11.46.44:729][  0]LogPakFile: PakFile FullDirectoryIndexSize=140
[2021.10.02-11.46.44:729][  0]LogShaderLibrary: Display: ShaderCodeLibraryPakFileMountedCallback: PakFile 'D:/Epic Games/UE_4.27/FeaturePacks/TP_Rolling.upack' (chunk index -1, root 'root:/') mounted
[2021.10.02-11.46.44:729][  0]LogShaderLibrary: Display: ShaderCodeLibraryPakFileMountedCallback: pending pak file info (ChunkID:-1 Root:root:/ File:D:/Epic Games/UE_4.27/FeaturePacks/TP_Rolling.upack)
[2021.10.02-11.46.44:729][  0]LogPakFile: OnPakFileMounted2Time == 0.000024
[2021.10.02-11.46.44:729][  0]LogPakFile: PakFile PrimaryIndexSize=185
[2021.10.02-11.46.44:729][  0]LogPakFile: PakFile PathHashIndexSize=101
[2021.10.02-11.46.44:729][  0]LogPakFile: PakFile FullDirectoryIndexSize=144
[2021.10.02-11.46.44:729][  0]LogShaderLibrary: Display: ShaderCodeLibraryPakFileMountedCallback: PakFile 'D:/Epic Games/UE_4.27/FeaturePacks/TP_RollingBP.upack' (chunk index -1, root 'root:/') mounted
[2021.10.02-11.46.44:729][  0]LogShaderLibrary: Display: ShaderCodeLibraryPakFileMountedCallback: pending pak file info (ChunkID:-1 Root:root:/ File:D:/Epic Games/UE_4.27/FeaturePacks/TP_RollingBP.upack)
[2021.10.02-11.46.44:729][  0]LogPakFile: OnPakFileMounted2Time == 0.000028
[2021.10.02-11.46.44:730][  0]LogPakFile: PakFile PrimaryIndexSize=188
[2021.10.02-11.46.44:730][  0]LogPakFile: PakFile PathHashIndexSize=101
[2021.10.02-11.46.44:730][  0]LogPakFile: PakFile FullDirectoryIndexSize=150
[2021.10.02-11.46.44:730][  0]LogShaderLibrary: Display: ShaderCodeLibraryPakFileMountedCallback: PakFile 'D:/Epic Games/UE_4.27/FeaturePacks/TP_SideScroller.upack' (chunk index -1, root 'root:/') mounted
[2021.10.02-11.46.44:730][  0]LogShaderLibrary: Display: ShaderCodeLibraryPakFileMountedCallback: pending pak file info (ChunkID:-1 Root:root:/ File:D:/Epic Games/UE_4.27/FeaturePacks/TP_SideScroller.upack)
[2021.10.02-11.46.44:730][  0]LogPakFile: OnPakFileMounted2Time == 0.000034
[2021.10.02-11.46.44:730][  0]LogPakFile: PakFile PrimaryIndexSize=190
[2021.10.02-11.46.44:730][  0]LogPakFile: PakFile PathHashIndexSize=101
[2021.10.02-11.46.44:730][  0]LogPakFile: PakFile FullDirectoryIndexSize=154
[2021.10.02-11.46.44:730][  0]LogShaderLibrary: Display: ShaderCodeLibraryPakFileMountedCallback: PakFile 'D:/Epic Games/UE_4.27/FeaturePacks/TP_SideScrollerBP.upack' (chunk index -1, root 'root:/') mounted
[2021.10.02-11.46.44:730][  0]LogShaderLibrary: Display: ShaderCodeLibraryPakFileMountedCallback: pending pak file info (ChunkID:-1 Root:root:/ File:D:/Epic Games/UE_4.27/FeaturePacks/TP_SideScrollerBP.upack)
[2021.10.02-11.46.44:730][  0]LogPakFile: OnPakFileMounted2Time == 0.000024
[2021.10.02-11.46.44:731][  0]LogPakFile: PakFile PrimaryIndexSize=187
[2021.10.02-11.46.44:731][  0]LogPakFile: PakFile PathHashIndexSize=101
[2021.10.02-11.46.44:731][  0]LogPakFile: PakFile FullDirectoryIndexSize=148
[2021.10.02-11.46.44:731][  0]LogShaderLibrary: Display: ShaderCodeLibraryPakFileMountedCallback: PakFile 'D:/Epic Games/UE_4.27/FeaturePacks/TP_ThirdPerson.upack' (chunk index -1, root 'root:/') mounted
[2021.10.02-11.46.44:731][  0]LogShaderLibrary: Display: ShaderCodeLibraryPakFileMountedCallback: pending pak file info (ChunkID:-1 Root:root:/ File:D:/Epic Games/UE_4.27/FeaturePacks/TP_ThirdPerson.upack)
[2021.10.02-11.46.44:731][  0]LogPakFile: OnPakFileMounted2Time == 0.000028
[2021.10.02-11.46.44:731][  0]LogPakFile: PakFile PrimaryIndexSize=189
[2021.10.02-11.46.44:731][  0]LogPakFile: PakFile PathHashIndexSize=101
[2021.10.02-11.46.44:731][  0]LogPakFile: PakFile FullDirectoryIndexSize=152
[2021.10.02-11.46.44:731][  0]LogShaderLibrary: Display: ShaderCodeLibraryPakFileMountedCallback: PakFile 'D:/Epic Games/UE_4.27/FeaturePacks/TP_ThirdPersonBP.upack' (chunk index -1, root 'root:/') mounted
[2021.10.02-11.46.44:731][  0]LogShaderLibrary: Display: ShaderCodeLibraryPakFileMountedCallback: pending pak file info (ChunkID:-1 Root:root:/ File:D:/Epic Games/UE_4.27/FeaturePacks/TP_ThirdPersonBP.upack)
[2021.10.02-11.46.44:731][  0]LogPakFile: OnPakFileMounted2Time == 0.000032
[2021.10.02-11.46.44:731][  0]LogPakFile: PakFile PrimaryIndexSize=183
[2021.10.02-11.46.44:731][  0]LogPakFile: PakFile PathHashIndexSize=101
[2021.10.02-11.46.44:731][  0]LogPakFile: PakFile FullDirectoryIndexSize=140
[2021.10.02-11.46.44:731][  0]LogShaderLibrary: Display: ShaderCodeLibraryPakFileMountedCallback: PakFile 'D:/Epic Games/UE_4.27/FeaturePacks/TP_TopDown.upack' (chunk index -1, root 'root:/') mounted
[2021.10.02-11.46.44:731][  0]LogShaderLibrary: Display: ShaderCodeLibraryPakFileMountedCallback: pending pak file info (ChunkID:-1 Root:root:/ File:D:/Epic Games/UE_4.27/FeaturePacks/TP_TopDown.upack)
[2021.10.02-11.46.44:731][  0]LogPakFile: OnPakFileMounted2Time == 0.000030
[2021.10.02-11.46.44:732][  0]LogPakFile: PakFile PrimaryIndexSize=185
[2021.10.02-11.46.44:732][  0]LogPakFile: PakFile PathHashIndexSize=101
[2021.10.02-11.46.44:732][  0]LogPakFile: PakFile FullDirectoryIndexSize=144
[2021.10.02-11.46.44:732][  0]LogShaderLibrary: Display: ShaderCodeLibraryPakFileMountedCallback: PakFile 'D:/Epic Games/UE_4.27/FeaturePacks/TP_TopDownBP.upack' (chunk index -1, root 'root:/') mounted
[2021.10.02-11.46.44:732][  0]LogShaderLibrary: Display: ShaderCodeLibraryPakFileMountedCallback: pending pak file info (ChunkID:-1 Root:root:/ File:D:/Epic Games/UE_4.27/FeaturePacks/TP_TopDownBP.upack)
[2021.10.02-11.46.44:732][  0]LogPakFile: OnPakFileMounted2Time == 0.000025
[2021.10.02-11.46.44:732][  0]LogPakFile: PakFile PrimaryIndexSize=185
[2021.10.02-11.46.44:732][  0]LogPakFile: PakFile PathHashIndexSize=101
[2021.10.02-11.46.44:732][  0]LogPakFile: PakFile FullDirectoryIndexSize=144
[2021.10.02-11.46.44:732][  0]LogShaderLibrary: Display: ShaderCodeLibraryPakFileMountedCallback: PakFile 'D:/Epic Games/UE_4.27/FeaturePacks/TP_TwinStick.upack' (chunk index -1, root 'root:/') mounted
[2021.10.02-11.46.44:732][  0]LogShaderLibrary: Display: ShaderCodeLibraryPakFileMountedCallback: pending pak file info (ChunkID:-1 Root:root:/ File:D:/Epic Games/UE_4.27/FeaturePacks/TP_TwinStick.upack)
[2021.10.02-11.46.44:732][  0]LogPakFile: OnPakFileMounted2Time == 0.000024
[2021.10.02-11.46.44:732][  0]LogPakFile: PakFile PrimaryIndexSize=187
[2021.10.02-11.46.44:732][  0]LogPakFile: PakFile PathHashIndexSize=101
[2021.10.02-11.46.44:732][  0]LogPakFile: PakFile FullDirectoryIndexSize=148
[2021.10.02-11.46.44:732][  0]LogShaderLibrary: Display: ShaderCodeLibraryPakFileMountedCallback: PakFile 'D:/Epic Games/UE_4.27/FeaturePacks/TP_TwinStickBP.upack' (chunk index -1, root 'root:/') mounted
[2021.10.02-11.46.44:732][  0]LogShaderLibrary: Display: ShaderCodeLibraryPakFileMountedCallback: pending pak file info (ChunkID:-1 Root:root:/ File:D:/Epic Games/UE_4.27/FeaturePacks/TP_TwinStickBP.upack)
[2021.10.02-11.46.44:732][  0]LogPakFile: OnPakFileMounted2Time == 0.000025
[2021.10.02-11.46.44:733][  0]LogPakFile: PakFile PrimaryIndexSize=183
[2021.10.02-11.46.44:733][  0]LogPakFile: PakFile PathHashIndexSize=101
[2021.10.02-11.46.44:733][  0]LogPakFile: PakFile FullDirectoryIndexSize=140
[2021.10.02-11.46.44:733][  0]LogShaderLibrary: Display: ShaderCodeLibraryPakFileMountedCallback: PakFile 'D:/Epic Games/UE_4.27/FeaturePacks/TP_Vehicle.upack' (chunk index -1, root 'root:/') mounted
[2021.10.02-11.46.44:733][  0]LogShaderLibrary: Display: ShaderCodeLibraryPakFileMountedCallback: pending pak file info (ChunkID:-1 Root:root:/ File:D:/Epic Games/UE_4.27/FeaturePacks/TP_Vehicle.upack)
[2021.10.02-11.46.44:733][  0]LogPakFile: OnPakFileMounted2Time == 0.000026
[2021.10.02-11.46.44:733][  0]LogPakFile: PakFile PrimaryIndexSize=186
[2021.10.02-11.46.44:733][  0]LogPakFile: PakFile PathHashIndexSize=101
[2021.10.02-11.46.44:733][  0]LogPakFile: PakFile FullDirectoryIndexSize=146
[2021.10.02-11.46.44:733][  0]LogShaderLibrary: Display: ShaderCodeLibraryPakFileMountedCallback: PakFile 'D:/Epic Games/UE_4.27/FeaturePacks/TP_VehicleAdv.upack' (chunk index -1, root 'root:/') mounted
[2021.10.02-11.46.44:733][  0]LogShaderLibrary: Display: ShaderCodeLibraryPakFileMountedCallback: pending pak file info (ChunkID:-1 Root:root:/ File:D:/Epic Games/UE_4.27/FeaturePacks/TP_VehicleAdv.upack)
[2021.10.02-11.46.44:733][  0]LogPakFile: OnPakFileMounted2Time == 0.000024
[2021.10.02-11.46.44:734][  0]LogPakFile: PakFile PrimaryIndexSize=188
[2021.10.02-11.46.44:734][  0]LogPakFile: PakFile PathHashIndexSize=101
[2021.10.02-11.46.44:734][  0]LogPakFile: PakFile FullDirectoryIndexSize=150
[2021.10.02-11.46.44:734][  0]LogShaderLibrary: Display: ShaderCodeLibraryPakFileMountedCallback: PakFile 'D:/Epic Games/UE_4.27/FeaturePacks/TP_VehicleAdvBP.upack' (chunk index -1, root 'root:/') mounted
[2021.10.02-11.46.44:734][  0]LogShaderLibrary: Display: ShaderCodeLibraryPakFileMountedCallback: pending pak file info (ChunkID:-1 Root:root:/ File:D:/Epic Games/UE_4.27/FeaturePacks/TP_VehicleAdvBP.upack)
[2021.10.02-11.46.44:734][  0]LogPakFile: OnPakFileMounted2Time == 0.000023
[2021.10.02-11.46.44:734][  0]LogPakFile: PakFile PrimaryIndexSize=185
[2021.10.02-11.46.44:734][  0]LogPakFile: PakFile PathHashIndexSize=101
[2021.10.02-11.46.44:734][  0]LogPakFile: PakFile FullDirectoryIndexSize=144
[2021.10.02-11.46.44:734][  0]LogShaderLibrary: Display: ShaderCodeLibraryPakFileMountedCallback: PakFile 'D:/Epic Games/UE_4.27/FeaturePacks/TP_VehicleBP.upack' (chunk index -1, root 'root:/') mounted
[2021.10.02-11.46.44:734][  0]LogShaderLibrary: Display: ShaderCodeLibraryPakFileMountedCallback: pending pak file info (ChunkID:-1 Root:root:/ File:D:/Epic Games/UE_4.27/FeaturePacks/TP_VehicleBP.upack)
[2021.10.02-11.46.44:734][  0]LogPakFile: OnPakFileMounted2Time == 0.000025
[2021.10.02-11.46.44:734][  0]LogPakFile: PakFile PrimaryIndexSize=192
[2021.10.02-11.46.44:734][  0]LogPakFile: PakFile PathHashIndexSize=101
[2021.10.02-11.46.44:734][  0]LogPakFile: PakFile FullDirectoryIndexSize=158
[2021.10.02-11.46.44:734][  0]LogShaderLibrary: Display: ShaderCodeLibraryPakFileMountedCallback: PakFile 'D:/Epic Games/UE_4.27/FeaturePacks/TP_VirtualRealityBP.upack' (chunk index -1, root 'root:/') mounted
[2021.10.02-11.46.44:734][  0]LogShaderLibrary: Display: ShaderCodeLibraryPakFileMountedCallback: pending pak file info (ChunkID:-1 Root:root:/ File:D:/Epic Games/UE_4.27/FeaturePacks/TP_VirtualRealityBP.upack)
[2021.10.02-11.46.44:734][  0]LogPakFile: OnPakFileMounted2Time == 0.000023
[2021.10.02-11.46.44:753][  0]LogNativeClassHierarchy: Verbose: Native class hierarchy updated for 'AddContentDialog' in 0.0002 seconds. Added 0 classes and 0 folders.
[2021.10.02-11.46.44:754][  0]LogNativeClassHierarchy: Verbose: Native class hierarchy updated for 'SceneOutliner' in 0.0002 seconds. Added 2 classes and 0 folders.
[2021.10.02-11.46.44:788][  0]LogSlate: Took 0.000167 seconds to synchronously load lazily loaded font '../../../Engine/Content/Slate/Fonts/Roboto-Regular.ttf' (155K)
[2021.10.02-11.46.44:789][  0]LogSlate: Took 0.000103 seconds to synchronously load lazily loaded font '../../../Engine/Content/Editor/Slate/Fonts/FontAwesome.ttf' (139K)
[2021.10.02-11.46.44:790][  0]LogSlate: Took 0.000101 seconds to synchronously load lazily loaded font '../../../Engine/Content/Slate/Fonts/Roboto-Bold.ttf' (160K)
[2021.10.02-11.46.44:852][  0]LogRenderer: Reallocating scene render targets to support 1412x808 Format 10 NumSamples 1 (Frame:1).
[2021.10.02-11.46.44:918][  0]LogNativeClassHierarchy: Verbose: Native class hierarchy updated for 'HierarchicalLODOutliner' in 0.0002 seconds. Added 0 classes and 0 folders.
[2021.10.02-11.46.44:918][  0]LogLoad: (Engine Initialization) Total time: 5.27 seconds
[2021.10.02-11.46.44:918][  0]LogLoad: (Engine Initialization) Total Blueprint compile time: 0.00 seconds
[2021.10.02-11.46.44:965][  0]LogAssetRegistry: Asset discovery search completed in 3.0219 seconds
[2021.10.02-11.46.44:968][  0]LogCollectionManager: Fixed up redirectors for 0 collections in 0.000004 seconds (updated 0 objects)
[2021.10.02-11.46.44:970][  0]LogContentStreaming: Texture pool size now 1000 MB
